[2025-05-02T01:39:43.551+0000] {processor.py:161} INFO - Started process (PID=50) to work on /opt/airflow/dags/pipeline_orchestrate.py
[2025-05-02T01:39:43.553+0000] {processor.py:830} INFO - Processing file /opt/airflow/dags/pipeline_orchestrate.py for tasks to queue
[2025-05-02T01:39:43.562+0000] {logging_mixin.py:188} INFO - [2025-05-02T01:39:43.562+0000] {dagbag.py:538} INFO - Filling up the DagBag from /opt/airflow/dags/pipeline_orchestrate.py
[2025-05-02T01:39:43.678+0000] {processor.py:840} INFO - DAG(s) 'spacex_orbitflow_etl_dbt' retrieved from /opt/airflow/dags/pipeline_orchestrate.py
[2025-05-02T01:39:44.347+0000] {logging_mixin.py:188} INFO - [2025-05-02T01:39:44.343+0000] {dag.py:3033} INFO - Sync 1 DAGs
[2025-05-02T01:39:44.419+0000] {logging_mixin.py:188} INFO - [2025-05-02T01:39:44.418+0000] {dag.py:3820} INFO - Setting next_dagrun for spacex_orbitflow_etl_dbt to 2025-05-02T00:00:00+00:00, run_after=2025-05-03T00:00:00+00:00
[2025-05-02T01:39:44.475+0000] {processor.py:183} INFO - Processing /opt/airflow/dags/pipeline_orchestrate.py took 0.941 seconds
[2025-05-02T01:40:14.755+0000] {processor.py:161} INFO - Started process (PID=105) to work on /opt/airflow/dags/pipeline_orchestrate.py
[2025-05-02T01:40:14.757+0000] {processor.py:830} INFO - Processing file /opt/airflow/dags/pipeline_orchestrate.py for tasks to queue
[2025-05-02T01:40:14.766+0000] {logging_mixin.py:188} INFO - [2025-05-02T01:40:14.766+0000] {dagbag.py:538} INFO - Filling up the DagBag from /opt/airflow/dags/pipeline_orchestrate.py
[2025-05-02T01:40:14.784+0000] {processor.py:840} INFO - DAG(s) 'spacex_orbitflow_etl_dbt' retrieved from /opt/airflow/dags/pipeline_orchestrate.py
[2025-05-02T01:40:14.827+0000] {logging_mixin.py:188} INFO - [2025-05-02T01:40:14.827+0000] {dag.py:3033} INFO - Sync 1 DAGs
[2025-05-02T01:40:14.858+0000] {logging_mixin.py:188} INFO - [2025-05-02T01:40:14.858+0000] {dag.py:3820} INFO - Setting next_dagrun for spacex_orbitflow_etl_dbt to 2025-05-02T00:00:00+00:00, run_after=2025-05-03T00:00:00+00:00
[2025-05-02T01:40:14.884+0000] {processor.py:183} INFO - Processing /opt/airflow/dags/pipeline_orchestrate.py took 0.138 seconds
[2025-05-02T01:40:45.353+0000] {processor.py:161} INFO - Started process (PID=166) to work on /opt/airflow/dags/pipeline_orchestrate.py
[2025-05-02T01:40:45.355+0000] {processor.py:830} INFO - Processing file /opt/airflow/dags/pipeline_orchestrate.py for tasks to queue
[2025-05-02T01:40:45.360+0000] {logging_mixin.py:188} INFO - [2025-05-02T01:40:45.359+0000] {dagbag.py:538} INFO - Filling up the DagBag from /opt/airflow/dags/pipeline_orchestrate.py
[2025-05-02T01:40:45.381+0000] {processor.py:840} INFO - DAG(s) 'spacex_orbitflow_etl_dbt' retrieved from /opt/airflow/dags/pipeline_orchestrate.py
[2025-05-02T01:40:45.422+0000] {logging_mixin.py:188} INFO - [2025-05-02T01:40:45.422+0000] {dag.py:3033} INFO - Sync 1 DAGs
[2025-05-02T01:40:45.455+0000] {logging_mixin.py:188} INFO - [2025-05-02T01:40:45.455+0000] {dag.py:3820} INFO - Setting next_dagrun for spacex_orbitflow_etl_dbt to 2025-05-02T00:00:00+00:00, run_after=2025-05-03T00:00:00+00:00
[2025-05-02T01:40:45.484+0000] {processor.py:183} INFO - Processing /opt/airflow/dags/pipeline_orchestrate.py took 0.139 seconds
[2025-05-02T01:41:15.727+0000] {processor.py:161} INFO - Started process (PID=222) to work on /opt/airflow/dags/pipeline_orchestrate.py
[2025-05-02T01:41:15.733+0000] {processor.py:830} INFO - Processing file /opt/airflow/dags/pipeline_orchestrate.py for tasks to queue
[2025-05-02T01:41:15.738+0000] {logging_mixin.py:188} INFO - [2025-05-02T01:41:15.738+0000] {dagbag.py:538} INFO - Filling up the DagBag from /opt/airflow/dags/pipeline_orchestrate.py
[2025-05-02T01:41:15.759+0000] {processor.py:840} INFO - DAG(s) 'spacex_orbitflow_etl_dbt' retrieved from /opt/airflow/dags/pipeline_orchestrate.py
[2025-05-02T01:41:15.820+0000] {logging_mixin.py:188} INFO - [2025-05-02T01:41:15.820+0000] {dag.py:3033} INFO - Sync 1 DAGs
[2025-05-02T01:41:15.864+0000] {logging_mixin.py:188} INFO - [2025-05-02T01:41:15.864+0000] {dag.py:3820} INFO - Setting next_dagrun for spacex_orbitflow_etl_dbt to 2025-05-02T00:00:00+00:00, run_after=2025-05-03T00:00:00+00:00
[2025-05-02T01:41:15.894+0000] {processor.py:183} INFO - Processing /opt/airflow/dags/pipeline_orchestrate.py took 0.175 seconds
[2025-05-02T01:41:46.101+0000] {processor.py:161} INFO - Started process (PID=279) to work on /opt/airflow/dags/pipeline_orchestrate.py
[2025-05-02T01:41:46.102+0000] {processor.py:830} INFO - Processing file /opt/airflow/dags/pipeline_orchestrate.py for tasks to queue
[2025-05-02T01:41:46.104+0000] {logging_mixin.py:188} INFO - [2025-05-02T01:41:46.104+0000] {dagbag.py:538} INFO - Filling up the DagBag from /opt/airflow/dags/pipeline_orchestrate.py
[2025-05-02T01:41:46.118+0000] {processor.py:840} INFO - DAG(s) 'spacex_orbitflow_etl_dbt' retrieved from /opt/airflow/dags/pipeline_orchestrate.py
[2025-05-02T01:41:46.151+0000] {logging_mixin.py:188} INFO - [2025-05-02T01:41:46.150+0000] {dag.py:3033} INFO - Sync 1 DAGs
[2025-05-02T01:41:46.183+0000] {logging_mixin.py:188} INFO - [2025-05-02T01:41:46.182+0000] {dag.py:3820} INFO - Setting next_dagrun for spacex_orbitflow_etl_dbt to 2025-05-02T00:00:00+00:00, run_after=2025-05-03T00:00:00+00:00
[2025-05-02T01:41:46.211+0000] {processor.py:183} INFO - Processing /opt/airflow/dags/pipeline_orchestrate.py took 0.112 seconds
[2025-05-02T01:42:16.296+0000] {processor.py:161} INFO - Started process (PID=334) to work on /opt/airflow/dags/pipeline_orchestrate.py
[2025-05-02T01:42:16.306+0000] {processor.py:830} INFO - Processing file /opt/airflow/dags/pipeline_orchestrate.py for tasks to queue
[2025-05-02T01:42:16.312+0000] {logging_mixin.py:188} INFO - [2025-05-02T01:42:16.312+0000] {dagbag.py:538} INFO - Filling up the DagBag from /opt/airflow/dags/pipeline_orchestrate.py
[2025-05-02T01:42:16.339+0000] {processor.py:840} INFO - DAG(s) 'spacex_orbitflow_etl_dbt' retrieved from /opt/airflow/dags/pipeline_orchestrate.py
[2025-05-02T01:42:16.376+0000] {logging_mixin.py:188} INFO - [2025-05-02T01:42:16.376+0000] {dag.py:3033} INFO - Sync 1 DAGs
[2025-05-02T01:42:16.393+0000] {logging_mixin.py:188} INFO - [2025-05-02T01:42:16.393+0000] {dag.py:3820} INFO - Setting next_dagrun for spacex_orbitflow_etl_dbt to 2025-05-02T00:00:00+00:00, run_after=2025-05-03T00:00:00+00:00
[2025-05-02T01:42:16.422+0000] {processor.py:183} INFO - Processing /opt/airflow/dags/pipeline_orchestrate.py took 0.138 seconds
[2025-05-02T01:42:47.116+0000] {processor.py:161} INFO - Started process (PID=390) to work on /opt/airflow/dags/pipeline_orchestrate.py
[2025-05-02T01:42:47.118+0000] {processor.py:830} INFO - Processing file /opt/airflow/dags/pipeline_orchestrate.py for tasks to queue
[2025-05-02T01:42:47.125+0000] {logging_mixin.py:188} INFO - [2025-05-02T01:42:47.125+0000] {dagbag.py:538} INFO - Filling up the DagBag from /opt/airflow/dags/pipeline_orchestrate.py
[2025-05-02T01:42:47.151+0000] {processor.py:840} INFO - DAG(s) 'spacex_orbitflow_etl_dbt' retrieved from /opt/airflow/dags/pipeline_orchestrate.py
[2025-05-02T01:42:47.187+0000] {logging_mixin.py:188} INFO - [2025-05-02T01:42:47.187+0000] {dag.py:3033} INFO - Sync 1 DAGs
[2025-05-02T01:42:47.214+0000] {logging_mixin.py:188} INFO - [2025-05-02T01:42:47.214+0000] {dag.py:3820} INFO - Setting next_dagrun for spacex_orbitflow_etl_dbt to 2025-05-02T00:00:00+00:00, run_after=2025-05-03T00:00:00+00:00
[2025-05-02T01:42:47.228+0000] {processor.py:183} INFO - Processing /opt/airflow/dags/pipeline_orchestrate.py took 0.131 seconds
[2025-05-02T01:43:17.343+0000] {processor.py:161} INFO - Started process (PID=446) to work on /opt/airflow/dags/pipeline_orchestrate.py
[2025-05-02T01:43:17.345+0000] {processor.py:830} INFO - Processing file /opt/airflow/dags/pipeline_orchestrate.py for tasks to queue
[2025-05-02T01:43:17.353+0000] {logging_mixin.py:188} INFO - [2025-05-02T01:43:17.353+0000] {dagbag.py:538} INFO - Filling up the DagBag from /opt/airflow/dags/pipeline_orchestrate.py
[2025-05-02T01:43:17.377+0000] {processor.py:840} INFO - DAG(s) 'spacex_orbitflow_etl_dbt' retrieved from /opt/airflow/dags/pipeline_orchestrate.py
[2025-05-02T01:43:17.421+0000] {logging_mixin.py:188} INFO - [2025-05-02T01:43:17.421+0000] {dag.py:3033} INFO - Sync 1 DAGs
[2025-05-02T01:43:17.443+0000] {logging_mixin.py:188} INFO - [2025-05-02T01:43:17.443+0000] {dag.py:3820} INFO - Setting next_dagrun for spacex_orbitflow_etl_dbt to 2025-05-02T00:00:00+00:00, run_after=2025-05-03T00:00:00+00:00
[2025-05-02T01:43:17.471+0000] {processor.py:183} INFO - Processing /opt/airflow/dags/pipeline_orchestrate.py took 0.146 seconds
[2025-05-02T01:43:48.039+0000] {processor.py:161} INFO - Started process (PID=502) to work on /opt/airflow/dags/pipeline_orchestrate.py
[2025-05-02T01:43:48.042+0000] {processor.py:830} INFO - Processing file /opt/airflow/dags/pipeline_orchestrate.py for tasks to queue
[2025-05-02T01:43:48.049+0000] {logging_mixin.py:188} INFO - [2025-05-02T01:43:48.049+0000] {dagbag.py:538} INFO - Filling up the DagBag from /opt/airflow/dags/pipeline_orchestrate.py
[2025-05-02T01:43:48.073+0000] {processor.py:840} INFO - DAG(s) 'spacex_orbitflow_etl_dbt' retrieved from /opt/airflow/dags/pipeline_orchestrate.py
[2025-05-02T01:43:48.114+0000] {logging_mixin.py:188} INFO - [2025-05-02T01:43:48.114+0000] {dag.py:3033} INFO - Sync 1 DAGs
[2025-05-02T01:43:48.136+0000] {logging_mixin.py:188} INFO - [2025-05-02T01:43:48.136+0000] {dag.py:3820} INFO - Setting next_dagrun for spacex_orbitflow_etl_dbt to 2025-05-02T00:00:00+00:00, run_after=2025-05-03T00:00:00+00:00
[2025-05-02T01:43:48.154+0000] {processor.py:183} INFO - Processing /opt/airflow/dags/pipeline_orchestrate.py took 0.133 seconds
[2025-05-02T01:44:18.303+0000] {processor.py:161} INFO - Started process (PID=558) to work on /opt/airflow/dags/pipeline_orchestrate.py
[2025-05-02T01:44:18.304+0000] {processor.py:830} INFO - Processing file /opt/airflow/dags/pipeline_orchestrate.py for tasks to queue
[2025-05-02T01:44:18.311+0000] {logging_mixin.py:188} INFO - [2025-05-02T01:44:18.310+0000] {dagbag.py:538} INFO - Filling up the DagBag from /opt/airflow/dags/pipeline_orchestrate.py
[2025-05-02T01:44:18.333+0000] {processor.py:840} INFO - DAG(s) 'spacex_orbitflow_etl_dbt' retrieved from /opt/airflow/dags/pipeline_orchestrate.py
[2025-05-02T01:44:18.365+0000] {logging_mixin.py:188} INFO - [2025-05-02T01:44:18.365+0000] {dag.py:3033} INFO - Sync 1 DAGs
[2025-05-02T01:44:18.386+0000] {logging_mixin.py:188} INFO - [2025-05-02T01:44:18.386+0000] {dag.py:3820} INFO - Setting next_dagrun for spacex_orbitflow_etl_dbt to 2025-05-02T00:00:00+00:00, run_after=2025-05-03T00:00:00+00:00
[2025-05-02T01:44:18.411+0000] {processor.py:183} INFO - Processing /opt/airflow/dags/pipeline_orchestrate.py took 0.127 seconds
[2025-05-02T01:44:49.110+0000] {processor.py:161} INFO - Started process (PID=614) to work on /opt/airflow/dags/pipeline_orchestrate.py
[2025-05-02T01:44:49.115+0000] {processor.py:830} INFO - Processing file /opt/airflow/dags/pipeline_orchestrate.py for tasks to queue
[2025-05-02T01:44:49.121+0000] {logging_mixin.py:188} INFO - [2025-05-02T01:44:49.119+0000] {dagbag.py:538} INFO - Filling up the DagBag from /opt/airflow/dags/pipeline_orchestrate.py
[2025-05-02T01:44:49.141+0000] {processor.py:840} INFO - DAG(s) 'spacex_orbitflow_etl_dbt' retrieved from /opt/airflow/dags/pipeline_orchestrate.py
[2025-05-02T01:44:49.184+0000] {logging_mixin.py:188} INFO - [2025-05-02T01:44:49.184+0000] {dag.py:3033} INFO - Sync 1 DAGs
[2025-05-02T01:44:49.214+0000] {logging_mixin.py:188} INFO - [2025-05-02T01:44:49.214+0000] {dag.py:3820} INFO - Setting next_dagrun for spacex_orbitflow_etl_dbt to 2025-05-02T00:00:00+00:00, run_after=2025-05-03T00:00:00+00:00
[2025-05-02T01:44:49.238+0000] {processor.py:183} INFO - Processing /opt/airflow/dags/pipeline_orchestrate.py took 0.145 seconds
[2025-05-02T01:45:19.842+0000] {processor.py:161} INFO - Started process (PID=670) to work on /opt/airflow/dags/pipeline_orchestrate.py
[2025-05-02T01:45:19.847+0000] {processor.py:830} INFO - Processing file /opt/airflow/dags/pipeline_orchestrate.py for tasks to queue
[2025-05-02T01:45:19.857+0000] {logging_mixin.py:188} INFO - [2025-05-02T01:45:19.855+0000] {dagbag.py:538} INFO - Filling up the DagBag from /opt/airflow/dags/pipeline_orchestrate.py
[2025-05-02T01:45:19.878+0000] {processor.py:840} INFO - DAG(s) 'spacex_orbitflow_etl_dbt' retrieved from /opt/airflow/dags/pipeline_orchestrate.py
[2025-05-02T01:45:19.914+0000] {logging_mixin.py:188} INFO - [2025-05-02T01:45:19.914+0000] {dag.py:3033} INFO - Sync 1 DAGs
[2025-05-02T01:45:19.941+0000] {logging_mixin.py:188} INFO - [2025-05-02T01:45:19.940+0000] {dag.py:3820} INFO - Setting next_dagrun for spacex_orbitflow_etl_dbt to 2025-05-02T00:00:00+00:00, run_after=2025-05-03T00:00:00+00:00
[2025-05-02T01:45:19.965+0000] {processor.py:183} INFO - Processing /opt/airflow/dags/pipeline_orchestrate.py took 0.131 seconds
[2025-05-02T01:45:50.475+0000] {processor.py:161} INFO - Started process (PID=726) to work on /opt/airflow/dags/pipeline_orchestrate.py
[2025-05-02T01:45:50.478+0000] {processor.py:830} INFO - Processing file /opt/airflow/dags/pipeline_orchestrate.py for tasks to queue
[2025-05-02T01:45:50.488+0000] {logging_mixin.py:188} INFO - [2025-05-02T01:45:50.488+0000] {dagbag.py:538} INFO - Filling up the DagBag from /opt/airflow/dags/pipeline_orchestrate.py
[2025-05-02T01:45:50.510+0000] {processor.py:840} INFO - DAG(s) 'spacex_orbitflow_etl_dbt' retrieved from /opt/airflow/dags/pipeline_orchestrate.py
[2025-05-02T01:45:50.554+0000] {logging_mixin.py:188} INFO - [2025-05-02T01:45:50.554+0000] {dag.py:3033} INFO - Sync 1 DAGs
[2025-05-02T01:45:50.583+0000] {logging_mixin.py:188} INFO - [2025-05-02T01:45:50.583+0000] {dag.py:3820} INFO - Setting next_dagrun for spacex_orbitflow_etl_dbt to 2025-05-02T00:00:00+00:00, run_after=2025-05-03T00:00:00+00:00
[2025-05-02T01:45:50.604+0000] {processor.py:183} INFO - Processing /opt/airflow/dags/pipeline_orchestrate.py took 0.140 seconds
[2025-05-02T01:46:21.092+0000] {processor.py:161} INFO - Started process (PID=782) to work on /opt/airflow/dags/pipeline_orchestrate.py
[2025-05-02T01:46:21.095+0000] {processor.py:830} INFO - Processing file /opt/airflow/dags/pipeline_orchestrate.py for tasks to queue
[2025-05-02T01:46:21.106+0000] {logging_mixin.py:188} INFO - [2025-05-02T01:46:21.105+0000] {dagbag.py:538} INFO - Filling up the DagBag from /opt/airflow/dags/pipeline_orchestrate.py
[2025-05-02T01:46:21.128+0000] {processor.py:840} INFO - DAG(s) 'spacex_orbitflow_etl_dbt' retrieved from /opt/airflow/dags/pipeline_orchestrate.py
[2025-05-02T01:46:21.174+0000] {logging_mixin.py:188} INFO - [2025-05-02T01:46:21.173+0000] {dag.py:3033} INFO - Sync 1 DAGs
[2025-05-02T01:46:21.201+0000] {logging_mixin.py:188} INFO - [2025-05-02T01:46:21.201+0000] {dag.py:3820} INFO - Setting next_dagrun for spacex_orbitflow_etl_dbt to 2025-05-02T00:00:00+00:00, run_after=2025-05-03T00:00:00+00:00
[2025-05-02T01:46:21.223+0000] {processor.py:183} INFO - Processing /opt/airflow/dags/pipeline_orchestrate.py took 0.147 seconds
[2025-05-02T01:46:51.780+0000] {processor.py:161} INFO - Started process (PID=839) to work on /opt/airflow/dags/pipeline_orchestrate.py
[2025-05-02T01:46:51.783+0000] {processor.py:830} INFO - Processing file /opt/airflow/dags/pipeline_orchestrate.py for tasks to queue
[2025-05-02T01:46:51.797+0000] {logging_mixin.py:188} INFO - [2025-05-02T01:46:51.796+0000] {dagbag.py:538} INFO - Filling up the DagBag from /opt/airflow/dags/pipeline_orchestrate.py
[2025-05-02T01:46:51.812+0000] {processor.py:840} INFO - DAG(s) 'spacex_orbitflow_etl_dbt' retrieved from /opt/airflow/dags/pipeline_orchestrate.py
[2025-05-02T01:46:51.844+0000] {logging_mixin.py:188} INFO - [2025-05-02T01:46:51.844+0000] {dag.py:3033} INFO - Sync 1 DAGs
[2025-05-02T01:46:51.876+0000] {logging_mixin.py:188} INFO - [2025-05-02T01:46:51.876+0000] {dag.py:3820} INFO - Setting next_dagrun for spacex_orbitflow_etl_dbt to 2025-05-02T00:00:00+00:00, run_after=2025-05-03T00:00:00+00:00
[2025-05-02T01:46:51.893+0000] {processor.py:183} INFO - Processing /opt/airflow/dags/pipeline_orchestrate.py took 0.122 seconds
[2025-05-02T01:47:22.090+0000] {processor.py:161} INFO - Started process (PID=895) to work on /opt/airflow/dags/pipeline_orchestrate.py
[2025-05-02T01:47:22.095+0000] {processor.py:830} INFO - Processing file /opt/airflow/dags/pipeline_orchestrate.py for tasks to queue
[2025-05-02T01:47:22.101+0000] {logging_mixin.py:188} INFO - [2025-05-02T01:47:22.101+0000] {dagbag.py:538} INFO - Filling up the DagBag from /opt/airflow/dags/pipeline_orchestrate.py
[2025-05-02T01:47:22.118+0000] {processor.py:840} INFO - DAG(s) 'spacex_orbitflow_etl_dbt' retrieved from /opt/airflow/dags/pipeline_orchestrate.py
[2025-05-02T01:47:22.166+0000] {logging_mixin.py:188} INFO - [2025-05-02T01:47:22.166+0000] {dag.py:3033} INFO - Sync 1 DAGs
[2025-05-02T01:47:22.196+0000] {logging_mixin.py:188} INFO - [2025-05-02T01:47:22.196+0000] {dag.py:3820} INFO - Setting next_dagrun for spacex_orbitflow_etl_dbt to 2025-05-02T00:00:00+00:00, run_after=2025-05-03T00:00:00+00:00
[2025-05-02T01:47:22.213+0000] {processor.py:183} INFO - Processing /opt/airflow/dags/pipeline_orchestrate.py took 0.138 seconds
[2025-05-02T01:47:52.630+0000] {processor.py:161} INFO - Started process (PID=951) to work on /opt/airflow/dags/pipeline_orchestrate.py
[2025-05-02T01:47:52.632+0000] {processor.py:830} INFO - Processing file /opt/airflow/dags/pipeline_orchestrate.py for tasks to queue
[2025-05-02T01:47:52.639+0000] {logging_mixin.py:188} INFO - [2025-05-02T01:47:52.639+0000] {dagbag.py:538} INFO - Filling up the DagBag from /opt/airflow/dags/pipeline_orchestrate.py
[2025-05-02T01:47:52.659+0000] {processor.py:840} INFO - DAG(s) 'spacex_orbitflow_etl_dbt' retrieved from /opt/airflow/dags/pipeline_orchestrate.py
[2025-05-02T01:47:52.679+0000] {logging_mixin.py:188} INFO - [2025-05-02T01:47:52.679+0000] {dag.py:3033} INFO - Sync 1 DAGs
[2025-05-02T01:47:52.701+0000] {logging_mixin.py:188} INFO - [2025-05-02T01:47:52.701+0000] {dag.py:3820} INFO - Setting next_dagrun for spacex_orbitflow_etl_dbt to 2025-05-02T00:00:00+00:00, run_after=2025-05-03T00:00:00+00:00
[2025-05-02T01:47:52.719+0000] {processor.py:183} INFO - Processing /opt/airflow/dags/pipeline_orchestrate.py took 0.094 seconds
[2025-05-02T01:48:23.023+0000] {processor.py:161} INFO - Started process (PID=1007) to work on /opt/airflow/dags/pipeline_orchestrate.py
[2025-05-02T01:48:23.025+0000] {processor.py:830} INFO - Processing file /opt/airflow/dags/pipeline_orchestrate.py for tasks to queue
[2025-05-02T01:48:23.033+0000] {logging_mixin.py:188} INFO - [2025-05-02T01:48:23.033+0000] {dagbag.py:538} INFO - Filling up the DagBag from /opt/airflow/dags/pipeline_orchestrate.py
[2025-05-02T01:48:23.057+0000] {processor.py:840} INFO - DAG(s) 'spacex_orbitflow_etl_dbt' retrieved from /opt/airflow/dags/pipeline_orchestrate.py
[2025-05-02T01:48:23.095+0000] {logging_mixin.py:188} INFO - [2025-05-02T01:48:23.095+0000] {dag.py:3033} INFO - Sync 1 DAGs
[2025-05-02T01:48:23.129+0000] {logging_mixin.py:188} INFO - [2025-05-02T01:48:23.129+0000] {dag.py:3820} INFO - Setting next_dagrun for spacex_orbitflow_etl_dbt to 2025-05-02T00:00:00+00:00, run_after=2025-05-03T00:00:00+00:00
[2025-05-02T01:48:23.187+0000] {processor.py:183} INFO - Processing /opt/airflow/dags/pipeline_orchestrate.py took 0.171 seconds
[2025-05-02T01:48:53.389+0000] {processor.py:161} INFO - Started process (PID=1063) to work on /opt/airflow/dags/pipeline_orchestrate.py
[2025-05-02T01:48:53.392+0000] {processor.py:830} INFO - Processing file /opt/airflow/dags/pipeline_orchestrate.py for tasks to queue
[2025-05-02T01:48:53.404+0000] {logging_mixin.py:188} INFO - [2025-05-02T01:48:53.403+0000] {dagbag.py:538} INFO - Filling up the DagBag from /opt/airflow/dags/pipeline_orchestrate.py
[2025-05-02T01:48:53.431+0000] {processor.py:840} INFO - DAG(s) 'spacex_orbitflow_etl_dbt' retrieved from /opt/airflow/dags/pipeline_orchestrate.py
[2025-05-02T01:48:53.473+0000] {logging_mixin.py:188} INFO - [2025-05-02T01:48:53.473+0000] {dag.py:3033} INFO - Sync 1 DAGs
[2025-05-02T01:48:53.501+0000] {logging_mixin.py:188} INFO - [2025-05-02T01:48:53.500+0000] {dag.py:3820} INFO - Setting next_dagrun for spacex_orbitflow_etl_dbt to 2025-05-02T00:00:00+00:00, run_after=2025-05-03T00:00:00+00:00
[2025-05-02T01:48:53.533+0000] {processor.py:183} INFO - Processing /opt/airflow/dags/pipeline_orchestrate.py took 0.157 seconds
[2025-05-02T01:49:24.004+0000] {processor.py:161} INFO - Started process (PID=1119) to work on /opt/airflow/dags/pipeline_orchestrate.py
[2025-05-02T01:49:24.006+0000] {processor.py:830} INFO - Processing file /opt/airflow/dags/pipeline_orchestrate.py for tasks to queue
[2025-05-02T01:49:24.019+0000] {logging_mixin.py:188} INFO - [2025-05-02T01:49:24.018+0000] {dagbag.py:538} INFO - Filling up the DagBag from /opt/airflow/dags/pipeline_orchestrate.py
[2025-05-02T01:49:24.049+0000] {processor.py:840} INFO - DAG(s) 'spacex_orbitflow_etl_dbt' retrieved from /opt/airflow/dags/pipeline_orchestrate.py
[2025-05-02T01:49:24.090+0000] {logging_mixin.py:188} INFO - [2025-05-02T01:49:24.090+0000] {dag.py:3033} INFO - Sync 1 DAGs
[2025-05-02T01:49:24.124+0000] {logging_mixin.py:188} INFO - [2025-05-02T01:49:24.124+0000] {dag.py:3820} INFO - Setting next_dagrun for spacex_orbitflow_etl_dbt to 2025-05-02T00:00:00+00:00, run_after=2025-05-03T00:00:00+00:00
[2025-05-02T01:49:24.156+0000] {processor.py:183} INFO - Processing /opt/airflow/dags/pipeline_orchestrate.py took 0.162 seconds
[2025-05-02T01:49:54.732+0000] {processor.py:161} INFO - Started process (PID=1175) to work on /opt/airflow/dags/pipeline_orchestrate.py
[2025-05-02T01:49:54.736+0000] {processor.py:830} INFO - Processing file /opt/airflow/dags/pipeline_orchestrate.py for tasks to queue
[2025-05-02T01:49:54.746+0000] {logging_mixin.py:188} INFO - [2025-05-02T01:49:54.745+0000] {dagbag.py:538} INFO - Filling up the DagBag from /opt/airflow/dags/pipeline_orchestrate.py
[2025-05-02T01:49:54.773+0000] {processor.py:840} INFO - DAG(s) 'spacex_orbitflow_etl_dbt' retrieved from /opt/airflow/dags/pipeline_orchestrate.py
[2025-05-02T01:49:54.812+0000] {logging_mixin.py:188} INFO - [2025-05-02T01:49:54.812+0000] {dag.py:3033} INFO - Sync 1 DAGs
[2025-05-02T01:49:54.839+0000] {logging_mixin.py:188} INFO - [2025-05-02T01:49:54.839+0000] {dag.py:3820} INFO - Setting next_dagrun for spacex_orbitflow_etl_dbt to 2025-05-02T00:00:00+00:00, run_after=2025-05-03T00:00:00+00:00
[2025-05-02T01:49:54.866+0000] {processor.py:183} INFO - Processing /opt/airflow/dags/pipeline_orchestrate.py took 0.143 seconds
[2025-05-02T01:50:25.203+0000] {processor.py:161} INFO - Started process (PID=1231) to work on /opt/airflow/dags/pipeline_orchestrate.py
[2025-05-02T01:50:25.205+0000] {processor.py:830} INFO - Processing file /opt/airflow/dags/pipeline_orchestrate.py for tasks to queue
[2025-05-02T01:50:25.215+0000] {logging_mixin.py:188} INFO - [2025-05-02T01:50:25.214+0000] {dagbag.py:538} INFO - Filling up the DagBag from /opt/airflow/dags/pipeline_orchestrate.py
[2025-05-02T01:50:25.241+0000] {processor.py:840} INFO - DAG(s) 'spacex_orbitflow_etl_dbt' retrieved from /opt/airflow/dags/pipeline_orchestrate.py
[2025-05-02T01:50:25.278+0000] {logging_mixin.py:188} INFO - [2025-05-02T01:50:25.277+0000] {dag.py:3033} INFO - Sync 1 DAGs
[2025-05-02T01:50:25.307+0000] {logging_mixin.py:188} INFO - [2025-05-02T01:50:25.307+0000] {dag.py:3820} INFO - Setting next_dagrun for spacex_orbitflow_etl_dbt to 2025-05-02T00:00:00+00:00, run_after=2025-05-03T00:00:00+00:00
[2025-05-02T01:50:25.330+0000] {processor.py:183} INFO - Processing /opt/airflow/dags/pipeline_orchestrate.py took 0.140 seconds
[2025-05-02T01:50:55.925+0000] {processor.py:161} INFO - Started process (PID=1287) to work on /opt/airflow/dags/pipeline_orchestrate.py
[2025-05-02T01:50:55.928+0000] {processor.py:830} INFO - Processing file /opt/airflow/dags/pipeline_orchestrate.py for tasks to queue
[2025-05-02T01:50:55.938+0000] {logging_mixin.py:188} INFO - [2025-05-02T01:50:55.936+0000] {dagbag.py:538} INFO - Filling up the DagBag from /opt/airflow/dags/pipeline_orchestrate.py
[2025-05-02T01:50:55.962+0000] {processor.py:840} INFO - DAG(s) 'spacex_orbitflow_etl_dbt' retrieved from /opt/airflow/dags/pipeline_orchestrate.py
[2025-05-02T01:50:55.999+0000] {logging_mixin.py:188} INFO - [2025-05-02T01:50:55.999+0000] {dag.py:3033} INFO - Sync 1 DAGs
[2025-05-02T01:50:56.032+0000] {logging_mixin.py:188} INFO - [2025-05-02T01:50:56.032+0000] {dag.py:3820} INFO - Setting next_dagrun for spacex_orbitflow_etl_dbt to 2025-05-02T00:00:00+00:00, run_after=2025-05-03T00:00:00+00:00
[2025-05-02T01:50:56.050+0000] {processor.py:183} INFO - Processing /opt/airflow/dags/pipeline_orchestrate.py took 0.142 seconds
[2025-05-02T01:51:26.122+0000] {processor.py:161} INFO - Started process (PID=1343) to work on /opt/airflow/dags/pipeline_orchestrate.py
[2025-05-02T01:51:26.124+0000] {processor.py:830} INFO - Processing file /opt/airflow/dags/pipeline_orchestrate.py for tasks to queue
[2025-05-02T01:51:26.128+0000] {logging_mixin.py:188} INFO - [2025-05-02T01:51:26.128+0000] {dagbag.py:538} INFO - Filling up the DagBag from /opt/airflow/dags/pipeline_orchestrate.py
[2025-05-02T01:51:26.142+0000] {processor.py:840} INFO - DAG(s) 'spacex_orbitflow_etl_dbt' retrieved from /opt/airflow/dags/pipeline_orchestrate.py
[2025-05-02T01:51:26.161+0000] {logging_mixin.py:188} INFO - [2025-05-02T01:51:26.161+0000] {dag.py:3033} INFO - Sync 1 DAGs
[2025-05-02T01:51:26.175+0000] {logging_mixin.py:188} INFO - [2025-05-02T01:51:26.175+0000] {dag.py:3820} INFO - Setting next_dagrun for spacex_orbitflow_etl_dbt to 2025-05-02T00:00:00+00:00, run_after=2025-05-03T00:00:00+00:00
[2025-05-02T01:51:26.189+0000] {processor.py:183} INFO - Processing /opt/airflow/dags/pipeline_orchestrate.py took 0.080 seconds
[2025-05-02T01:51:56.566+0000] {processor.py:161} INFO - Started process (PID=1399) to work on /opt/airflow/dags/pipeline_orchestrate.py
[2025-05-02T01:51:56.567+0000] {processor.py:830} INFO - Processing file /opt/airflow/dags/pipeline_orchestrate.py for tasks to queue
[2025-05-02T01:51:56.571+0000] {logging_mixin.py:188} INFO - [2025-05-02T01:51:56.571+0000] {dagbag.py:538} INFO - Filling up the DagBag from /opt/airflow/dags/pipeline_orchestrate.py
[2025-05-02T01:51:56.590+0000] {processor.py:840} INFO - DAG(s) 'spacex_orbitflow_etl_dbt' retrieved from /opt/airflow/dags/pipeline_orchestrate.py
[2025-05-02T01:51:56.621+0000] {logging_mixin.py:188} INFO - [2025-05-02T01:51:56.621+0000] {dag.py:3033} INFO - Sync 1 DAGs
[2025-05-02T01:51:56.642+0000] {logging_mixin.py:188} INFO - [2025-05-02T01:51:56.642+0000] {dag.py:3820} INFO - Setting next_dagrun for spacex_orbitflow_etl_dbt to 2025-05-02T00:00:00+00:00, run_after=2025-05-03T00:00:00+00:00
[2025-05-02T01:51:56.668+0000] {processor.py:183} INFO - Processing /opt/airflow/dags/pipeline_orchestrate.py took 0.108 seconds
[2025-05-02T01:52:27.026+0000] {processor.py:161} INFO - Started process (PID=1455) to work on /opt/airflow/dags/pipeline_orchestrate.py
[2025-05-02T01:52:27.030+0000] {processor.py:830} INFO - Processing file /opt/airflow/dags/pipeline_orchestrate.py for tasks to queue
[2025-05-02T01:52:27.035+0000] {logging_mixin.py:188} INFO - [2025-05-02T01:52:27.035+0000] {dagbag.py:538} INFO - Filling up the DagBag from /opt/airflow/dags/pipeline_orchestrate.py
[2025-05-02T01:52:27.052+0000] {processor.py:840} INFO - DAG(s) 'spacex_orbitflow_etl_dbt' retrieved from /opt/airflow/dags/pipeline_orchestrate.py
[2025-05-02T01:52:27.074+0000] {logging_mixin.py:188} INFO - [2025-05-02T01:52:27.074+0000] {dag.py:3033} INFO - Sync 1 DAGs
[2025-05-02T01:52:27.094+0000] {logging_mixin.py:188} INFO - [2025-05-02T01:52:27.094+0000] {dag.py:3820} INFO - Setting next_dagrun for spacex_orbitflow_etl_dbt to 2025-05-02T00:00:00+00:00, run_after=2025-05-03T00:00:00+00:00
[2025-05-02T01:52:27.108+0000] {processor.py:183} INFO - Processing /opt/airflow/dags/pipeline_orchestrate.py took 0.088 seconds
[2025-05-02T01:52:57.454+0000] {processor.py:161} INFO - Started process (PID=1509) to work on /opt/airflow/dags/pipeline_orchestrate.py
[2025-05-02T01:52:57.458+0000] {processor.py:830} INFO - Processing file /opt/airflow/dags/pipeline_orchestrate.py for tasks to queue
[2025-05-02T01:52:57.464+0000] {logging_mixin.py:188} INFO - [2025-05-02T01:52:57.464+0000] {dagbag.py:538} INFO - Filling up the DagBag from /opt/airflow/dags/pipeline_orchestrate.py
[2025-05-02T01:52:57.488+0000] {processor.py:840} INFO - DAG(s) 'spacex_orbitflow_etl_dbt' retrieved from /opt/airflow/dags/pipeline_orchestrate.py
[2025-05-02T01:52:57.525+0000] {logging_mixin.py:188} INFO - [2025-05-02T01:52:57.525+0000] {dag.py:3033} INFO - Sync 1 DAGs
[2025-05-02T01:52:57.551+0000] {logging_mixin.py:188} INFO - [2025-05-02T01:52:57.551+0000] {dag.py:3820} INFO - Setting next_dagrun for spacex_orbitflow_etl_dbt to 2025-05-02T00:00:00+00:00, run_after=2025-05-03T00:00:00+00:00
[2025-05-02T01:52:57.570+0000] {processor.py:183} INFO - Processing /opt/airflow/dags/pipeline_orchestrate.py took 0.140 seconds
[2025-05-02T01:53:28.486+0000] {processor.py:161} INFO - Started process (PID=1565) to work on /opt/airflow/dags/pipeline_orchestrate.py
[2025-05-02T01:53:28.489+0000] {processor.py:830} INFO - Processing file /opt/airflow/dags/pipeline_orchestrate.py for tasks to queue
[2025-05-02T01:53:28.502+0000] {logging_mixin.py:188} INFO - [2025-05-02T01:53:28.502+0000] {dagbag.py:538} INFO - Filling up the DagBag from /opt/airflow/dags/pipeline_orchestrate.py
[2025-05-02T01:53:28.540+0000] {processor.py:840} INFO - DAG(s) 'spacex_orbitflow_etl_dbt' retrieved from /opt/airflow/dags/pipeline_orchestrate.py
[2025-05-02T01:53:28.587+0000] {logging_mixin.py:188} INFO - [2025-05-02T01:53:28.587+0000] {dag.py:3033} INFO - Sync 1 DAGs
[2025-05-02T01:53:28.621+0000] {logging_mixin.py:188} INFO - [2025-05-02T01:53:28.621+0000] {dag.py:3820} INFO - Setting next_dagrun for spacex_orbitflow_etl_dbt to 2025-05-02T00:00:00+00:00, run_after=2025-05-03T00:00:00+00:00
[2025-05-02T01:53:28.635+0000] {processor.py:183} INFO - Processing /opt/airflow/dags/pipeline_orchestrate.py took 0.165 seconds
[2025-05-02T01:53:58.983+0000] {processor.py:161} INFO - Started process (PID=1621) to work on /opt/airflow/dags/pipeline_orchestrate.py
[2025-05-02T01:53:58.986+0000] {processor.py:830} INFO - Processing file /opt/airflow/dags/pipeline_orchestrate.py for tasks to queue
[2025-05-02T01:53:58.991+0000] {logging_mixin.py:188} INFO - [2025-05-02T01:53:58.990+0000] {dagbag.py:538} INFO - Filling up the DagBag from /opt/airflow/dags/pipeline_orchestrate.py
[2025-05-02T01:53:59.014+0000] {processor.py:840} INFO - DAG(s) 'spacex_orbitflow_etl_dbt' retrieved from /opt/airflow/dags/pipeline_orchestrate.py
[2025-05-02T01:53:59.045+0000] {logging_mixin.py:188} INFO - [2025-05-02T01:53:59.045+0000] {dag.py:3033} INFO - Sync 1 DAGs
[2025-05-02T01:53:59.069+0000] {logging_mixin.py:188} INFO - [2025-05-02T01:53:59.069+0000] {dag.py:3820} INFO - Setting next_dagrun for spacex_orbitflow_etl_dbt to 2025-05-02T00:00:00+00:00, run_after=2025-05-03T00:00:00+00:00
[2025-05-02T01:53:59.097+0000] {processor.py:183} INFO - Processing /opt/airflow/dags/pipeline_orchestrate.py took 0.127 seconds
[2025-05-02T01:54:29.186+0000] {processor.py:161} INFO - Started process (PID=1677) to work on /opt/airflow/dags/pipeline_orchestrate.py
[2025-05-02T01:54:29.190+0000] {processor.py:830} INFO - Processing file /opt/airflow/dags/pipeline_orchestrate.py for tasks to queue
[2025-05-02T01:54:29.198+0000] {logging_mixin.py:188} INFO - [2025-05-02T01:54:29.198+0000] {dagbag.py:538} INFO - Filling up the DagBag from /opt/airflow/dags/pipeline_orchestrate.py
[2025-05-02T01:54:29.219+0000] {processor.py:840} INFO - DAG(s) 'spacex_orbitflow_etl_dbt' retrieved from /opt/airflow/dags/pipeline_orchestrate.py
[2025-05-02T01:54:29.253+0000] {logging_mixin.py:188} INFO - [2025-05-02T01:54:29.253+0000] {dag.py:3033} INFO - Sync 1 DAGs
[2025-05-02T01:54:29.281+0000] {logging_mixin.py:188} INFO - [2025-05-02T01:54:29.281+0000] {dag.py:3820} INFO - Setting next_dagrun for spacex_orbitflow_etl_dbt to 2025-05-02T00:00:00+00:00, run_after=2025-05-03T00:00:00+00:00
[2025-05-02T01:54:29.308+0000] {processor.py:183} INFO - Processing /opt/airflow/dags/pipeline_orchestrate.py took 0.134 seconds
[2025-05-02T01:54:59.544+0000] {processor.py:161} INFO - Started process (PID=1733) to work on /opt/airflow/dags/pipeline_orchestrate.py
[2025-05-02T01:54:59.547+0000] {processor.py:830} INFO - Processing file /opt/airflow/dags/pipeline_orchestrate.py for tasks to queue
[2025-05-02T01:54:59.552+0000] {logging_mixin.py:188} INFO - [2025-05-02T01:54:59.552+0000] {dagbag.py:538} INFO - Filling up the DagBag from /opt/airflow/dags/pipeline_orchestrate.py
[2025-05-02T01:54:59.576+0000] {processor.py:840} INFO - DAG(s) 'spacex_orbitflow_etl_dbt' retrieved from /opt/airflow/dags/pipeline_orchestrate.py
[2025-05-02T01:54:59.615+0000] {logging_mixin.py:188} INFO - [2025-05-02T01:54:59.615+0000] {dag.py:3033} INFO - Sync 1 DAGs
[2025-05-02T01:54:59.640+0000] {logging_mixin.py:188} INFO - [2025-05-02T01:54:59.640+0000] {dag.py:3820} INFO - Setting next_dagrun for spacex_orbitflow_etl_dbt to 2025-05-02T00:00:00+00:00, run_after=2025-05-03T00:00:00+00:00
[2025-05-02T01:54:59.658+0000] {processor.py:183} INFO - Processing /opt/airflow/dags/pipeline_orchestrate.py took 0.126 seconds
[2025-05-02T01:55:30.512+0000] {processor.py:161} INFO - Started process (PID=1789) to work on /opt/airflow/dags/pipeline_orchestrate.py
[2025-05-02T01:55:30.520+0000] {processor.py:830} INFO - Processing file /opt/airflow/dags/pipeline_orchestrate.py for tasks to queue
[2025-05-02T01:55:30.524+0000] {logging_mixin.py:188} INFO - [2025-05-02T01:55:30.524+0000] {dagbag.py:538} INFO - Filling up the DagBag from /opt/airflow/dags/pipeline_orchestrate.py
[2025-05-02T01:55:30.545+0000] {processor.py:840} INFO - DAG(s) 'spacex_orbitflow_etl_dbt' retrieved from /opt/airflow/dags/pipeline_orchestrate.py
[2025-05-02T01:55:30.580+0000] {logging_mixin.py:188} INFO - [2025-05-02T01:55:30.580+0000] {dag.py:3033} INFO - Sync 1 DAGs
[2025-05-02T01:55:30.612+0000] {logging_mixin.py:188} INFO - [2025-05-02T01:55:30.612+0000] {dag.py:3820} INFO - Setting next_dagrun for spacex_orbitflow_etl_dbt to 2025-05-02T00:00:00+00:00, run_after=2025-05-03T00:00:00+00:00
[2025-05-02T01:55:30.631+0000] {processor.py:183} INFO - Processing /opt/airflow/dags/pipeline_orchestrate.py took 0.138 seconds
[2025-05-02T01:56:01.651+0000] {processor.py:161} INFO - Started process (PID=1845) to work on /opt/airflow/dags/pipeline_orchestrate.py
[2025-05-02T01:56:01.656+0000] {processor.py:830} INFO - Processing file /opt/airflow/dags/pipeline_orchestrate.py for tasks to queue
[2025-05-02T01:56:01.664+0000] {logging_mixin.py:188} INFO - [2025-05-02T01:56:01.663+0000] {dagbag.py:538} INFO - Filling up the DagBag from /opt/airflow/dags/pipeline_orchestrate.py
[2025-05-02T01:56:01.689+0000] {processor.py:840} INFO - DAG(s) 'spacex_orbitflow_etl_dbt' retrieved from /opt/airflow/dags/pipeline_orchestrate.py
[2025-05-02T01:56:01.725+0000] {logging_mixin.py:188} INFO - [2025-05-02T01:56:01.725+0000] {dag.py:3033} INFO - Sync 1 DAGs
[2025-05-02T01:56:01.756+0000] {logging_mixin.py:188} INFO - [2025-05-02T01:56:01.756+0000] {dag.py:3820} INFO - Setting next_dagrun for spacex_orbitflow_etl_dbt to 2025-05-02T00:00:00+00:00, run_after=2025-05-03T00:00:00+00:00
[2025-05-02T01:56:01.774+0000] {processor.py:183} INFO - Processing /opt/airflow/dags/pipeline_orchestrate.py took 0.137 seconds
[2025-05-02T01:56:31.987+0000] {processor.py:161} INFO - Started process (PID=1901) to work on /opt/airflow/dags/pipeline_orchestrate.py
[2025-05-02T01:56:31.990+0000] {processor.py:830} INFO - Processing file /opt/airflow/dags/pipeline_orchestrate.py for tasks to queue
[2025-05-02T01:56:31.997+0000] {logging_mixin.py:188} INFO - [2025-05-02T01:56:31.996+0000] {dagbag.py:538} INFO - Filling up the DagBag from /opt/airflow/dags/pipeline_orchestrate.py
[2025-05-02T01:56:32.021+0000] {processor.py:840} INFO - DAG(s) 'spacex_orbitflow_etl_dbt' retrieved from /opt/airflow/dags/pipeline_orchestrate.py
[2025-05-02T01:56:32.060+0000] {logging_mixin.py:188} INFO - [2025-05-02T01:56:32.060+0000] {dag.py:3033} INFO - Sync 1 DAGs
[2025-05-02T01:56:32.089+0000] {logging_mixin.py:188} INFO - [2025-05-02T01:56:32.089+0000] {dag.py:3820} INFO - Setting next_dagrun for spacex_orbitflow_etl_dbt to 2025-05-02T00:00:00+00:00, run_after=2025-05-03T00:00:00+00:00
[2025-05-02T01:56:32.109+0000] {processor.py:183} INFO - Processing /opt/airflow/dags/pipeline_orchestrate.py took 0.134 seconds
[2025-05-02T01:57:02.555+0000] {processor.py:161} INFO - Started process (PID=1957) to work on /opt/airflow/dags/pipeline_orchestrate.py
[2025-05-02T01:57:02.558+0000] {processor.py:830} INFO - Processing file /opt/airflow/dags/pipeline_orchestrate.py for tasks to queue
[2025-05-02T01:57:02.565+0000] {logging_mixin.py:188} INFO - [2025-05-02T01:57:02.565+0000] {dagbag.py:538} INFO - Filling up the DagBag from /opt/airflow/dags/pipeline_orchestrate.py
[2025-05-02T01:57:02.587+0000] {processor.py:840} INFO - DAG(s) 'spacex_orbitflow_etl_dbt' retrieved from /opt/airflow/dags/pipeline_orchestrate.py
[2025-05-02T01:57:02.621+0000] {logging_mixin.py:188} INFO - [2025-05-02T01:57:02.621+0000] {dag.py:3033} INFO - Sync 1 DAGs
[2025-05-02T01:57:02.650+0000] {logging_mixin.py:188} INFO - [2025-05-02T01:57:02.650+0000] {dag.py:3820} INFO - Setting next_dagrun for spacex_orbitflow_etl_dbt to 2025-05-02T00:00:00+00:00, run_after=2025-05-03T00:00:00+00:00
[2025-05-02T01:57:02.664+0000] {processor.py:183} INFO - Processing /opt/airflow/dags/pipeline_orchestrate.py took 0.121 seconds
[2025-05-02T01:57:33.108+0000] {processor.py:161} INFO - Started process (PID=2013) to work on /opt/airflow/dags/pipeline_orchestrate.py
[2025-05-02T01:57:33.110+0000] {processor.py:830} INFO - Processing file /opt/airflow/dags/pipeline_orchestrate.py for tasks to queue
[2025-05-02T01:57:33.114+0000] {logging_mixin.py:188} INFO - [2025-05-02T01:57:33.114+0000] {dagbag.py:538} INFO - Filling up the DagBag from /opt/airflow/dags/pipeline_orchestrate.py
[2025-05-02T01:57:33.139+0000] {processor.py:840} INFO - DAG(s) 'spacex_orbitflow_etl_dbt' retrieved from /opt/airflow/dags/pipeline_orchestrate.py
[2025-05-02T01:57:33.169+0000] {logging_mixin.py:188} INFO - [2025-05-02T01:57:33.169+0000] {dag.py:3033} INFO - Sync 1 DAGs
[2025-05-02T01:57:33.193+0000] {logging_mixin.py:188} INFO - [2025-05-02T01:57:33.193+0000] {dag.py:3820} INFO - Setting next_dagrun for spacex_orbitflow_etl_dbt to 2025-05-02T00:00:00+00:00, run_after=2025-05-03T00:00:00+00:00
[2025-05-02T01:57:33.215+0000] {processor.py:183} INFO - Processing /opt/airflow/dags/pipeline_orchestrate.py took 0.120 seconds
[2025-05-02T01:58:04.229+0000] {processor.py:161} INFO - Started process (PID=2069) to work on /opt/airflow/dags/pipeline_orchestrate.py
[2025-05-02T01:58:04.233+0000] {processor.py:830} INFO - Processing file /opt/airflow/dags/pipeline_orchestrate.py for tasks to queue
[2025-05-02T01:58:04.243+0000] {logging_mixin.py:188} INFO - [2025-05-02T01:58:04.243+0000] {dagbag.py:538} INFO - Filling up the DagBag from /opt/airflow/dags/pipeline_orchestrate.py
[2025-05-02T01:58:04.255+0000] {processor.py:840} INFO - DAG(s) 'spacex_orbitflow_etl_dbt' retrieved from /opt/airflow/dags/pipeline_orchestrate.py
[2025-05-02T01:58:04.283+0000] {logging_mixin.py:188} INFO - [2025-05-02T01:58:04.282+0000] {dag.py:3033} INFO - Sync 1 DAGs
[2025-05-02T01:58:04.304+0000] {logging_mixin.py:188} INFO - [2025-05-02T01:58:04.304+0000] {dag.py:3820} INFO - Setting next_dagrun for spacex_orbitflow_etl_dbt to 2025-05-02T00:00:00+00:00, run_after=2025-05-03T00:00:00+00:00
[2025-05-02T01:58:04.322+0000] {processor.py:183} INFO - Processing /opt/airflow/dags/pipeline_orchestrate.py took 0.103 seconds
[2025-05-02T01:58:34.426+0000] {processor.py:161} INFO - Started process (PID=2125) to work on /opt/airflow/dags/pipeline_orchestrate.py
[2025-05-02T01:58:34.429+0000] {processor.py:830} INFO - Processing file /opt/airflow/dags/pipeline_orchestrate.py for tasks to queue
[2025-05-02T01:58:34.432+0000] {logging_mixin.py:188} INFO - [2025-05-02T01:58:34.432+0000] {dagbag.py:538} INFO - Filling up the DagBag from /opt/airflow/dags/pipeline_orchestrate.py
[2025-05-02T01:58:34.454+0000] {processor.py:840} INFO - DAG(s) 'spacex_orbitflow_etl_dbt' retrieved from /opt/airflow/dags/pipeline_orchestrate.py
[2025-05-02T01:58:34.480+0000] {logging_mixin.py:188} INFO - [2025-05-02T01:58:34.480+0000] {dag.py:3033} INFO - Sync 1 DAGs
[2025-05-02T01:58:34.517+0000] {logging_mixin.py:188} INFO - [2025-05-02T01:58:34.517+0000] {dag.py:3820} INFO - Setting next_dagrun for spacex_orbitflow_etl_dbt to 2025-05-02T00:00:00+00:00, run_after=2025-05-03T00:00:00+00:00
[2025-05-02T01:58:34.539+0000] {processor.py:183} INFO - Processing /opt/airflow/dags/pipeline_orchestrate.py took 0.119 seconds
[2025-05-02T01:59:04.676+0000] {processor.py:161} INFO - Started process (PID=2181) to work on /opt/airflow/dags/pipeline_orchestrate.py
[2025-05-02T01:59:04.682+0000] {processor.py:830} INFO - Processing file /opt/airflow/dags/pipeline_orchestrate.py for tasks to queue
[2025-05-02T01:59:04.687+0000] {logging_mixin.py:188} INFO - [2025-05-02T01:59:04.687+0000] {dagbag.py:538} INFO - Filling up the DagBag from /opt/airflow/dags/pipeline_orchestrate.py
[2025-05-02T01:59:04.713+0000] {processor.py:840} INFO - DAG(s) 'spacex_orbitflow_etl_dbt' retrieved from /opt/airflow/dags/pipeline_orchestrate.py
[2025-05-02T01:59:04.750+0000] {logging_mixin.py:188} INFO - [2025-05-02T01:59:04.749+0000] {dag.py:3033} INFO - Sync 1 DAGs
[2025-05-02T01:59:05.151+0000] {logging_mixin.py:188} INFO - [2025-05-02T01:59:05.151+0000] {dag.py:3820} INFO - Setting next_dagrun for spacex_orbitflow_etl_dbt to 2025-05-02T00:00:00+00:00, run_after=2025-05-03T00:00:00+00:00
[2025-05-02T01:59:05.195+0000] {processor.py:183} INFO - Processing /opt/airflow/dags/pipeline_orchestrate.py took 0.524 seconds
[2025-05-02T01:59:35.472+0000] {processor.py:161} INFO - Started process (PID=2237) to work on /opt/airflow/dags/pipeline_orchestrate.py
[2025-05-02T01:59:35.475+0000] {processor.py:830} INFO - Processing file /opt/airflow/dags/pipeline_orchestrate.py for tasks to queue
[2025-05-02T01:59:35.482+0000] {logging_mixin.py:188} INFO - [2025-05-02T01:59:35.481+0000] {dagbag.py:538} INFO - Filling up the DagBag from /opt/airflow/dags/pipeline_orchestrate.py
[2025-05-02T01:59:35.518+0000] {processor.py:840} INFO - DAG(s) 'spacex_orbitflow_etl_dbt' retrieved from /opt/airflow/dags/pipeline_orchestrate.py
[2025-05-02T01:59:35.559+0000] {logging_mixin.py:188} INFO - [2025-05-02T01:59:35.559+0000] {dag.py:3033} INFO - Sync 1 DAGs
[2025-05-02T01:59:35.852+0000] {logging_mixin.py:188} INFO - [2025-05-02T01:59:35.852+0000] {dag.py:3820} INFO - Setting next_dagrun for spacex_orbitflow_etl_dbt to 2025-05-02T00:00:00+00:00, run_after=2025-05-03T00:00:00+00:00
[2025-05-02T01:59:35.887+0000] {processor.py:183} INFO - Processing /opt/airflow/dags/pipeline_orchestrate.py took 0.423 seconds
[2025-05-02T02:00:06.665+0000] {processor.py:161} INFO - Started process (PID=2293) to work on /opt/airflow/dags/pipeline_orchestrate.py
[2025-05-02T02:00:06.674+0000] {processor.py:830} INFO - Processing file /opt/airflow/dags/pipeline_orchestrate.py for tasks to queue
[2025-05-02T02:00:06.678+0000] {logging_mixin.py:188} INFO - [2025-05-02T02:00:06.678+0000] {dagbag.py:538} INFO - Filling up the DagBag from /opt/airflow/dags/pipeline_orchestrate.py
[2025-05-02T02:00:06.704+0000] {processor.py:840} INFO - DAG(s) 'spacex_orbitflow_etl_dbt' retrieved from /opt/airflow/dags/pipeline_orchestrate.py
[2025-05-02T02:00:06.754+0000] {logging_mixin.py:188} INFO - [2025-05-02T02:00:06.754+0000] {dag.py:3033} INFO - Sync 1 DAGs
[2025-05-02T02:00:06.784+0000] {logging_mixin.py:188} INFO - [2025-05-02T02:00:06.784+0000] {dag.py:3820} INFO - Setting next_dagrun for spacex_orbitflow_etl_dbt to 2025-05-02T00:00:00+00:00, run_after=2025-05-03T00:00:00+00:00
[2025-05-02T02:00:06.808+0000] {processor.py:183} INFO - Processing /opt/airflow/dags/pipeline_orchestrate.py took 0.166 seconds
[2025-05-02T02:00:36.911+0000] {processor.py:161} INFO - Started process (PID=2348) to work on /opt/airflow/dags/pipeline_orchestrate.py
[2025-05-02T02:00:36.913+0000] {processor.py:830} INFO - Processing file /opt/airflow/dags/pipeline_orchestrate.py for tasks to queue
[2025-05-02T02:00:36.919+0000] {logging_mixin.py:188} INFO - [2025-05-02T02:00:36.918+0000] {dagbag.py:538} INFO - Filling up the DagBag from /opt/airflow/dags/pipeline_orchestrate.py
[2025-05-02T02:00:36.943+0000] {processor.py:840} INFO - DAG(s) 'spacex_orbitflow_etl_dbt' retrieved from /opt/airflow/dags/pipeline_orchestrate.py
[2025-05-02T02:00:36.978+0000] {logging_mixin.py:188} INFO - [2025-05-02T02:00:36.978+0000] {dag.py:3033} INFO - Sync 1 DAGs
[2025-05-02T02:00:37.006+0000] {logging_mixin.py:188} INFO - [2025-05-02T02:00:37.005+0000] {dag.py:3820} INFO - Setting next_dagrun for spacex_orbitflow_etl_dbt to 2025-05-02T00:00:00+00:00, run_after=2025-05-03T00:00:00+00:00
[2025-05-02T02:00:37.019+0000] {processor.py:183} INFO - Processing /opt/airflow/dags/pipeline_orchestrate.py took 0.119 seconds
[2025-05-02T02:01:07.381+0000] {processor.py:161} INFO - Started process (PID=2404) to work on /opt/airflow/dags/pipeline_orchestrate.py
[2025-05-02T02:01:07.385+0000] {processor.py:830} INFO - Processing file /opt/airflow/dags/pipeline_orchestrate.py for tasks to queue
[2025-05-02T02:01:07.396+0000] {logging_mixin.py:188} INFO - [2025-05-02T02:01:07.396+0000] {dagbag.py:538} INFO - Filling up the DagBag from /opt/airflow/dags/pipeline_orchestrate.py
[2025-05-02T02:01:07.692+0000] {processor.py:840} INFO - DAG(s) 'spacex_orbitflow_etl_dbt' retrieved from /opt/airflow/dags/pipeline_orchestrate.py
[2025-05-02T02:01:07.717+0000] {logging_mixin.py:188} INFO - [2025-05-02T02:01:07.717+0000] {dag.py:3033} INFO - Sync 1 DAGs
[2025-05-02T02:01:07.736+0000] {logging_mixin.py:188} INFO - [2025-05-02T02:01:07.736+0000] {dag.py:3820} INFO - Setting next_dagrun for spacex_orbitflow_etl_dbt to 2025-05-02T00:00:00+00:00, run_after=2025-05-03T00:00:00+00:00
[2025-05-02T02:01:07.751+0000] {processor.py:183} INFO - Processing /opt/airflow/dags/pipeline_orchestrate.py took 0.380 seconds
[2025-05-02T02:01:37.947+0000] {processor.py:161} INFO - Started process (PID=2460) to work on /opt/airflow/dags/pipeline_orchestrate.py
[2025-05-02T02:01:37.951+0000] {processor.py:830} INFO - Processing file /opt/airflow/dags/pipeline_orchestrate.py for tasks to queue
[2025-05-02T02:01:37.956+0000] {logging_mixin.py:188} INFO - [2025-05-02T02:01:37.956+0000] {dagbag.py:538} INFO - Filling up the DagBag from /opt/airflow/dags/pipeline_orchestrate.py
[2025-05-02T02:01:37.982+0000] {processor.py:840} INFO - DAG(s) 'spacex_orbitflow_etl_dbt' retrieved from /opt/airflow/dags/pipeline_orchestrate.py
[2025-05-02T02:01:38.018+0000] {logging_mixin.py:188} INFO - [2025-05-02T02:01:38.018+0000] {dag.py:3033} INFO - Sync 1 DAGs
[2025-05-02T02:01:38.046+0000] {logging_mixin.py:188} INFO - [2025-05-02T02:01:38.046+0000] {dag.py:3820} INFO - Setting next_dagrun for spacex_orbitflow_etl_dbt to 2025-05-02T00:00:00+00:00, run_after=2025-05-03T00:00:00+00:00
[2025-05-02T02:01:38.063+0000] {processor.py:183} INFO - Processing /opt/airflow/dags/pipeline_orchestrate.py took 0.130 seconds
[2025-05-02T02:02:09.038+0000] {processor.py:161} INFO - Started process (PID=2516) to work on /opt/airflow/dags/pipeline_orchestrate.py
[2025-05-02T02:02:09.041+0000] {processor.py:830} INFO - Processing file /opt/airflow/dags/pipeline_orchestrate.py for tasks to queue
[2025-05-02T02:02:09.046+0000] {logging_mixin.py:188} INFO - [2025-05-02T02:02:09.046+0000] {dagbag.py:538} INFO - Filling up the DagBag from /opt/airflow/dags/pipeline_orchestrate.py
[2025-05-02T02:02:09.075+0000] {processor.py:840} INFO - DAG(s) 'spacex_orbitflow_etl_dbt' retrieved from /opt/airflow/dags/pipeline_orchestrate.py
[2025-05-02T02:02:09.104+0000] {logging_mixin.py:188} INFO - [2025-05-02T02:02:09.103+0000] {dag.py:3033} INFO - Sync 1 DAGs
[2025-05-02T02:02:09.132+0000] {logging_mixin.py:188} INFO - [2025-05-02T02:02:09.132+0000] {dag.py:3820} INFO - Setting next_dagrun for spacex_orbitflow_etl_dbt to 2025-05-02T00:00:00+00:00, run_after=2025-05-03T00:00:00+00:00
[2025-05-02T02:02:09.148+0000] {processor.py:183} INFO - Processing /opt/airflow/dags/pipeline_orchestrate.py took 0.125 seconds
[2025-05-02T02:02:39.839+0000] {processor.py:161} INFO - Started process (PID=2572) to work on /opt/airflow/dags/pipeline_orchestrate.py
[2025-05-02T02:02:39.842+0000] {processor.py:830} INFO - Processing file /opt/airflow/dags/pipeline_orchestrate.py for tasks to queue
[2025-05-02T02:02:39.848+0000] {logging_mixin.py:188} INFO - [2025-05-02T02:02:39.847+0000] {dagbag.py:538} INFO - Filling up the DagBag from /opt/airflow/dags/pipeline_orchestrate.py
[2025-05-02T02:02:39.875+0000] {processor.py:840} INFO - DAG(s) 'spacex_orbitflow_etl_dbt' retrieved from /opt/airflow/dags/pipeline_orchestrate.py
[2025-05-02T02:02:39.905+0000] {logging_mixin.py:188} INFO - [2025-05-02T02:02:39.905+0000] {dag.py:3033} INFO - Sync 1 DAGs
[2025-05-02T02:02:39.923+0000] {logging_mixin.py:188} INFO - [2025-05-02T02:02:39.923+0000] {dag.py:3820} INFO - Setting next_dagrun for spacex_orbitflow_etl_dbt to 2025-05-02T00:00:00+00:00, run_after=2025-05-03T00:00:00+00:00
[2025-05-02T02:02:39.945+0000] {processor.py:183} INFO - Processing /opt/airflow/dags/pipeline_orchestrate.py took 0.121 seconds
[2025-05-02T02:03:10.928+0000] {processor.py:161} INFO - Started process (PID=2628) to work on /opt/airflow/dags/pipeline_orchestrate.py
[2025-05-02T02:03:10.931+0000] {processor.py:830} INFO - Processing file /opt/airflow/dags/pipeline_orchestrate.py for tasks to queue
[2025-05-02T02:03:10.939+0000] {logging_mixin.py:188} INFO - [2025-05-02T02:03:10.938+0000] {dagbag.py:538} INFO - Filling up the DagBag from /opt/airflow/dags/pipeline_orchestrate.py
[2025-05-02T02:03:10.967+0000] {processor.py:840} INFO - DAG(s) 'spacex_orbitflow_etl_dbt' retrieved from /opt/airflow/dags/pipeline_orchestrate.py
[2025-05-02T02:03:11.007+0000] {logging_mixin.py:188} INFO - [2025-05-02T02:03:11.007+0000] {dag.py:3033} INFO - Sync 1 DAGs
[2025-05-02T02:03:11.029+0000] {logging_mixin.py:188} INFO - [2025-05-02T02:03:11.029+0000] {dag.py:3820} INFO - Setting next_dagrun for spacex_orbitflow_etl_dbt to 2025-05-02T00:00:00+00:00, run_after=2025-05-03T00:00:00+00:00
[2025-05-02T02:03:11.045+0000] {processor.py:183} INFO - Processing /opt/airflow/dags/pipeline_orchestrate.py took 0.134 seconds
[2025-05-02T02:03:41.490+0000] {processor.py:161} INFO - Started process (PID=2684) to work on /opt/airflow/dags/pipeline_orchestrate.py
[2025-05-02T02:03:41.493+0000] {processor.py:830} INFO - Processing file /opt/airflow/dags/pipeline_orchestrate.py for tasks to queue
[2025-05-02T02:03:41.504+0000] {logging_mixin.py:188} INFO - [2025-05-02T02:03:41.504+0000] {dagbag.py:538} INFO - Filling up the DagBag from /opt/airflow/dags/pipeline_orchestrate.py
[2025-05-02T02:03:41.530+0000] {processor.py:840} INFO - DAG(s) 'spacex_orbitflow_etl_dbt' retrieved from /opt/airflow/dags/pipeline_orchestrate.py
[2025-05-02T02:03:41.572+0000] {logging_mixin.py:188} INFO - [2025-05-02T02:03:41.571+0000] {dag.py:3033} INFO - Sync 1 DAGs
[2025-05-02T02:03:41.603+0000] {logging_mixin.py:188} INFO - [2025-05-02T02:03:41.603+0000] {dag.py:3820} INFO - Setting next_dagrun for spacex_orbitflow_etl_dbt to 2025-05-02T00:00:00+00:00, run_after=2025-05-03T00:00:00+00:00
[2025-05-02T02:03:41.625+0000] {processor.py:183} INFO - Processing /opt/airflow/dags/pipeline_orchestrate.py took 0.145 seconds
[2025-05-02T02:04:12.616+0000] {processor.py:161} INFO - Started process (PID=2740) to work on /opt/airflow/dags/pipeline_orchestrate.py
[2025-05-02T02:04:12.618+0000] {processor.py:830} INFO - Processing file /opt/airflow/dags/pipeline_orchestrate.py for tasks to queue
[2025-05-02T02:04:12.633+0000] {logging_mixin.py:188} INFO - [2025-05-02T02:04:12.632+0000] {dagbag.py:538} INFO - Filling up the DagBag from /opt/airflow/dags/pipeline_orchestrate.py
[2025-05-02T02:04:12.671+0000] {processor.py:840} INFO - DAG(s) 'spacex_orbitflow_etl_dbt' retrieved from /opt/airflow/dags/pipeline_orchestrate.py
[2025-05-02T02:04:12.689+0000] {logging_mixin.py:188} INFO - [2025-05-02T02:04:12.689+0000] {dag.py:3033} INFO - Sync 1 DAGs
[2025-05-02T02:04:12.712+0000] {logging_mixin.py:188} INFO - [2025-05-02T02:04:12.712+0000] {dag.py:3820} INFO - Setting next_dagrun for spacex_orbitflow_etl_dbt to 2025-05-02T00:00:00+00:00, run_after=2025-05-03T00:00:00+00:00
[2025-05-02T02:04:12.737+0000] {processor.py:183} INFO - Processing /opt/airflow/dags/pipeline_orchestrate.py took 0.134 seconds
[2025-05-02T02:04:42.873+0000] {processor.py:161} INFO - Started process (PID=2796) to work on /opt/airflow/dags/pipeline_orchestrate.py
[2025-05-02T02:04:42.876+0000] {processor.py:830} INFO - Processing file /opt/airflow/dags/pipeline_orchestrate.py for tasks to queue
[2025-05-02T02:04:42.887+0000] {logging_mixin.py:188} INFO - [2025-05-02T02:04:42.886+0000] {dagbag.py:538} INFO - Filling up the DagBag from /opt/airflow/dags/pipeline_orchestrate.py
[2025-05-02T02:04:42.905+0000] {processor.py:840} INFO - DAG(s) 'spacex_orbitflow_etl_dbt' retrieved from /opt/airflow/dags/pipeline_orchestrate.py
[2025-05-02T02:04:42.937+0000] {logging_mixin.py:188} INFO - [2025-05-02T02:04:42.937+0000] {dag.py:3033} INFO - Sync 1 DAGs
[2025-05-02T02:04:42.963+0000] {logging_mixin.py:188} INFO - [2025-05-02T02:04:42.963+0000] {dag.py:3820} INFO - Setting next_dagrun for spacex_orbitflow_etl_dbt to 2025-05-02T00:00:00+00:00, run_after=2025-05-03T00:00:00+00:00
[2025-05-02T02:04:42.977+0000] {processor.py:183} INFO - Processing /opt/airflow/dags/pipeline_orchestrate.py took 0.119 seconds
[2025-05-02T02:05:13.646+0000] {processor.py:161} INFO - Started process (PID=2852) to work on /opt/airflow/dags/pipeline_orchestrate.py
[2025-05-02T02:05:13.648+0000] {processor.py:830} INFO - Processing file /opt/airflow/dags/pipeline_orchestrate.py for tasks to queue
[2025-05-02T02:05:13.654+0000] {logging_mixin.py:188} INFO - [2025-05-02T02:05:13.653+0000] {dagbag.py:538} INFO - Filling up the DagBag from /opt/airflow/dags/pipeline_orchestrate.py
[2025-05-02T02:05:13.685+0000] {processor.py:840} INFO - DAG(s) 'spacex_orbitflow_etl_dbt' retrieved from /opt/airflow/dags/pipeline_orchestrate.py
[2025-05-02T02:05:13.713+0000] {logging_mixin.py:188} INFO - [2025-05-02T02:05:13.712+0000] {dag.py:3033} INFO - Sync 1 DAGs
[2025-05-02T02:05:13.735+0000] {logging_mixin.py:188} INFO - [2025-05-02T02:05:13.735+0000] {dag.py:3820} INFO - Setting next_dagrun for spacex_orbitflow_etl_dbt to 2025-05-02T00:00:00+00:00, run_after=2025-05-03T00:00:00+00:00
[2025-05-02T02:05:13.749+0000] {processor.py:183} INFO - Processing /opt/airflow/dags/pipeline_orchestrate.py took 0.112 seconds
[2025-05-02T02:05:44.527+0000] {processor.py:161} INFO - Started process (PID=2908) to work on /opt/airflow/dags/pipeline_orchestrate.py
[2025-05-02T02:05:44.531+0000] {processor.py:830} INFO - Processing file /opt/airflow/dags/pipeline_orchestrate.py for tasks to queue
[2025-05-02T02:05:44.541+0000] {logging_mixin.py:188} INFO - [2025-05-02T02:05:44.540+0000] {dagbag.py:538} INFO - Filling up the DagBag from /opt/airflow/dags/pipeline_orchestrate.py
[2025-05-02T02:05:44.565+0000] {processor.py:840} INFO - DAG(s) 'spacex_orbitflow_etl_dbt' retrieved from /opt/airflow/dags/pipeline_orchestrate.py
[2025-05-02T02:05:44.605+0000] {logging_mixin.py:188} INFO - [2025-05-02T02:05:44.605+0000] {dag.py:3033} INFO - Sync 1 DAGs
[2025-05-02T02:05:44.630+0000] {logging_mixin.py:188} INFO - [2025-05-02T02:05:44.630+0000] {dag.py:3820} INFO - Setting next_dagrun for spacex_orbitflow_etl_dbt to 2025-05-02T00:00:00+00:00, run_after=2025-05-03T00:00:00+00:00
[2025-05-02T02:05:44.649+0000] {processor.py:183} INFO - Processing /opt/airflow/dags/pipeline_orchestrate.py took 0.139 seconds
[2025-05-02T02:06:15.341+0000] {processor.py:161} INFO - Started process (PID=2964) to work on /opt/airflow/dags/pipeline_orchestrate.py
[2025-05-02T02:06:15.343+0000] {processor.py:830} INFO - Processing file /opt/airflow/dags/pipeline_orchestrate.py for tasks to queue
[2025-05-02T02:06:15.349+0000] {logging_mixin.py:188} INFO - [2025-05-02T02:06:15.348+0000] {dagbag.py:538} INFO - Filling up the DagBag from /opt/airflow/dags/pipeline_orchestrate.py
[2025-05-02T02:06:15.389+0000] {processor.py:840} INFO - DAG(s) 'spacex_orbitflow_etl_dbt' retrieved from /opt/airflow/dags/pipeline_orchestrate.py
[2025-05-02T02:06:15.423+0000] {logging_mixin.py:188} INFO - [2025-05-02T02:06:15.423+0000] {dag.py:3033} INFO - Sync 1 DAGs
[2025-05-02T02:06:15.447+0000] {logging_mixin.py:188} INFO - [2025-05-02T02:06:15.447+0000] {dag.py:3820} INFO - Setting next_dagrun for spacex_orbitflow_etl_dbt to 2025-05-02T00:00:00+00:00, run_after=2025-05-03T00:00:00+00:00
[2025-05-02T02:06:15.468+0000] {processor.py:183} INFO - Processing /opt/airflow/dags/pipeline_orchestrate.py took 0.138 seconds
[2025-05-02T02:06:46.286+0000] {processor.py:161} INFO - Started process (PID=3020) to work on /opt/airflow/dags/pipeline_orchestrate.py
[2025-05-02T02:06:46.289+0000] {processor.py:830} INFO - Processing file /opt/airflow/dags/pipeline_orchestrate.py for tasks to queue
[2025-05-02T02:06:46.295+0000] {logging_mixin.py:188} INFO - [2025-05-02T02:06:46.295+0000] {dagbag.py:538} INFO - Filling up the DagBag from /opt/airflow/dags/pipeline_orchestrate.py
[2025-05-02T02:06:46.319+0000] {processor.py:840} INFO - DAG(s) 'spacex_orbitflow_etl_dbt' retrieved from /opt/airflow/dags/pipeline_orchestrate.py
[2025-05-02T02:06:46.360+0000] {logging_mixin.py:188} INFO - [2025-05-02T02:06:46.360+0000] {dag.py:3033} INFO - Sync 1 DAGs
[2025-05-02T02:06:46.386+0000] {logging_mixin.py:188} INFO - [2025-05-02T02:06:46.386+0000] {dag.py:3820} INFO - Setting next_dagrun for spacex_orbitflow_etl_dbt to 2025-05-02T00:00:00+00:00, run_after=2025-05-03T00:00:00+00:00
[2025-05-02T02:06:46.400+0000] {processor.py:183} INFO - Processing /opt/airflow/dags/pipeline_orchestrate.py took 0.131 seconds
[2025-05-02T02:07:17.005+0000] {processor.py:161} INFO - Started process (PID=3076) to work on /opt/airflow/dags/pipeline_orchestrate.py
[2025-05-02T02:07:17.014+0000] {processor.py:830} INFO - Processing file /opt/airflow/dags/pipeline_orchestrate.py for tasks to queue
[2025-05-02T02:07:17.029+0000] {logging_mixin.py:188} INFO - [2025-05-02T02:07:17.026+0000] {dagbag.py:538} INFO - Filling up the DagBag from /opt/airflow/dags/pipeline_orchestrate.py
[2025-05-02T02:07:17.057+0000] {processor.py:840} INFO - DAG(s) 'spacex_orbitflow_etl_dbt' retrieved from /opt/airflow/dags/pipeline_orchestrate.py
[2025-05-02T02:07:17.092+0000] {logging_mixin.py:188} INFO - [2025-05-02T02:07:17.092+0000] {dag.py:3033} INFO - Sync 1 DAGs
[2025-05-02T02:07:17.121+0000] {logging_mixin.py:188} INFO - [2025-05-02T02:07:17.121+0000] {dag.py:3820} INFO - Setting next_dagrun for spacex_orbitflow_etl_dbt to 2025-05-02T00:00:00+00:00, run_after=2025-05-03T00:00:00+00:00
[2025-05-02T02:07:17.137+0000] {processor.py:183} INFO - Processing /opt/airflow/dags/pipeline_orchestrate.py took 0.141 seconds
[2025-05-02T02:07:47.926+0000] {processor.py:161} INFO - Started process (PID=3132) to work on /opt/airflow/dags/pipeline_orchestrate.py
[2025-05-02T02:07:47.930+0000] {processor.py:830} INFO - Processing file /opt/airflow/dags/pipeline_orchestrate.py for tasks to queue
[2025-05-02T02:07:47.945+0000] {logging_mixin.py:188} INFO - [2025-05-02T02:07:47.944+0000] {dagbag.py:538} INFO - Filling up the DagBag from /opt/airflow/dags/pipeline_orchestrate.py
[2025-05-02T02:07:47.963+0000] {processor.py:840} INFO - DAG(s) 'spacex_orbitflow_etl_dbt' retrieved from /opt/airflow/dags/pipeline_orchestrate.py
[2025-05-02T02:07:47.993+0000] {logging_mixin.py:188} INFO - [2025-05-02T02:07:47.993+0000] {dag.py:3033} INFO - Sync 1 DAGs
[2025-05-02T02:07:48.013+0000] {logging_mixin.py:188} INFO - [2025-05-02T02:07:48.013+0000] {dag.py:3820} INFO - Setting next_dagrun for spacex_orbitflow_etl_dbt to 2025-05-02T00:00:00+00:00, run_after=2025-05-03T00:00:00+00:00
[2025-05-02T02:07:48.036+0000] {processor.py:183} INFO - Processing /opt/airflow/dags/pipeline_orchestrate.py took 0.128 seconds
[2025-05-02T02:08:18.828+0000] {processor.py:161} INFO - Started process (PID=3188) to work on /opt/airflow/dags/pipeline_orchestrate.py
[2025-05-02T02:08:18.830+0000] {processor.py:830} INFO - Processing file /opt/airflow/dags/pipeline_orchestrate.py for tasks to queue
[2025-05-02T02:08:18.839+0000] {logging_mixin.py:188} INFO - [2025-05-02T02:08:18.837+0000] {dagbag.py:538} INFO - Filling up the DagBag from /opt/airflow/dags/pipeline_orchestrate.py
[2025-05-02T02:08:18.862+0000] {processor.py:840} INFO - DAG(s) 'spacex_orbitflow_etl_dbt' retrieved from /opt/airflow/dags/pipeline_orchestrate.py
[2025-05-02T02:08:18.889+0000] {logging_mixin.py:188} INFO - [2025-05-02T02:08:18.889+0000] {dag.py:3033} INFO - Sync 1 DAGs
[2025-05-02T02:08:18.920+0000] {logging_mixin.py:188} INFO - [2025-05-02T02:08:18.920+0000] {dag.py:3820} INFO - Setting next_dagrun for spacex_orbitflow_etl_dbt to 2025-05-02T00:00:00+00:00, run_after=2025-05-03T00:00:00+00:00
[2025-05-02T02:08:18.935+0000] {processor.py:183} INFO - Processing /opt/airflow/dags/pipeline_orchestrate.py took 0.119 seconds
[2025-05-02T02:08:49.748+0000] {processor.py:161} INFO - Started process (PID=3244) to work on /opt/airflow/dags/pipeline_orchestrate.py
[2025-05-02T02:08:49.751+0000] {processor.py:830} INFO - Processing file /opt/airflow/dags/pipeline_orchestrate.py for tasks to queue
[2025-05-02T02:08:49.772+0000] {logging_mixin.py:188} INFO - [2025-05-02T02:08:49.771+0000] {dagbag.py:538} INFO - Filling up the DagBag from /opt/airflow/dags/pipeline_orchestrate.py
[2025-05-02T02:08:49.797+0000] {processor.py:840} INFO - DAG(s) 'spacex_orbitflow_etl_dbt' retrieved from /opt/airflow/dags/pipeline_orchestrate.py
[2025-05-02T02:08:49.858+0000] {logging_mixin.py:188} INFO - [2025-05-02T02:08:49.858+0000] {dag.py:3033} INFO - Sync 1 DAGs
[2025-05-02T02:08:49.885+0000] {logging_mixin.py:188} INFO - [2025-05-02T02:08:49.885+0000] {dag.py:3820} INFO - Setting next_dagrun for spacex_orbitflow_etl_dbt to 2025-05-02T00:00:00+00:00, run_after=2025-05-03T00:00:00+00:00
[2025-05-02T02:08:49.908+0000] {processor.py:183} INFO - Processing /opt/airflow/dags/pipeline_orchestrate.py took 0.178 seconds
[2025-05-02T02:09:20.613+0000] {processor.py:161} INFO - Started process (PID=3300) to work on /opt/airflow/dags/pipeline_orchestrate.py
[2025-05-02T02:09:20.618+0000] {processor.py:830} INFO - Processing file /opt/airflow/dags/pipeline_orchestrate.py for tasks to queue
[2025-05-02T02:09:20.626+0000] {logging_mixin.py:188} INFO - [2025-05-02T02:09:20.624+0000] {dagbag.py:538} INFO - Filling up the DagBag from /opt/airflow/dags/pipeline_orchestrate.py
[2025-05-02T02:09:20.647+0000] {processor.py:840} INFO - DAG(s) 'spacex_orbitflow_etl_dbt' retrieved from /opt/airflow/dags/pipeline_orchestrate.py
[2025-05-02T02:09:20.676+0000] {logging_mixin.py:188} INFO - [2025-05-02T02:09:20.676+0000] {dag.py:3033} INFO - Sync 1 DAGs
[2025-05-02T02:09:20.708+0000] {logging_mixin.py:188} INFO - [2025-05-02T02:09:20.708+0000] {dag.py:3820} INFO - Setting next_dagrun for spacex_orbitflow_etl_dbt to 2025-05-02T00:00:00+00:00, run_after=2025-05-03T00:00:00+00:00
[2025-05-02T02:09:20.735+0000] {processor.py:183} INFO - Processing /opt/airflow/dags/pipeline_orchestrate.py took 0.129 seconds
[2025-05-02T02:09:51.558+0000] {processor.py:161} INFO - Started process (PID=3356) to work on /opt/airflow/dags/pipeline_orchestrate.py
[2025-05-02T02:09:51.563+0000] {processor.py:830} INFO - Processing file /opt/airflow/dags/pipeline_orchestrate.py for tasks to queue
[2025-05-02T02:09:51.572+0000] {logging_mixin.py:188} INFO - [2025-05-02T02:09:51.571+0000] {dagbag.py:538} INFO - Filling up the DagBag from /opt/airflow/dags/pipeline_orchestrate.py
[2025-05-02T02:09:51.611+0000] {processor.py:840} INFO - DAG(s) 'spacex_orbitflow_etl_dbt' retrieved from /opt/airflow/dags/pipeline_orchestrate.py
[2025-05-02T02:09:51.652+0000] {logging_mixin.py:188} INFO - [2025-05-02T02:09:51.652+0000] {dag.py:3033} INFO - Sync 1 DAGs
[2025-05-02T02:09:51.683+0000] {logging_mixin.py:188} INFO - [2025-05-02T02:09:51.683+0000] {dag.py:3820} INFO - Setting next_dagrun for spacex_orbitflow_etl_dbt to 2025-05-02T00:00:00+00:00, run_after=2025-05-03T00:00:00+00:00
[2025-05-02T02:09:51.703+0000] {processor.py:183} INFO - Processing /opt/airflow/dags/pipeline_orchestrate.py took 0.158 seconds
[2025-05-02T02:10:21.807+0000] {processor.py:161} INFO - Started process (PID=3412) to work on /opt/airflow/dags/pipeline_orchestrate.py
[2025-05-02T02:10:21.810+0000] {processor.py:830} INFO - Processing file /opt/airflow/dags/pipeline_orchestrate.py for tasks to queue
[2025-05-02T02:10:21.820+0000] {logging_mixin.py:188} INFO - [2025-05-02T02:10:21.819+0000] {dagbag.py:538} INFO - Filling up the DagBag from /opt/airflow/dags/pipeline_orchestrate.py
[2025-05-02T02:10:21.843+0000] {processor.py:840} INFO - DAG(s) 'spacex_orbitflow_etl_dbt' retrieved from /opt/airflow/dags/pipeline_orchestrate.py
[2025-05-02T02:10:21.887+0000] {logging_mixin.py:188} INFO - [2025-05-02T02:10:21.887+0000] {dag.py:3033} INFO - Sync 1 DAGs
[2025-05-02T02:10:21.917+0000] {logging_mixin.py:188} INFO - [2025-05-02T02:10:21.917+0000] {dag.py:3820} INFO - Setting next_dagrun for spacex_orbitflow_etl_dbt to 2025-05-02T00:00:00+00:00, run_after=2025-05-03T00:00:00+00:00
[2025-05-02T02:10:21.931+0000] {processor.py:183} INFO - Processing /opt/airflow/dags/pipeline_orchestrate.py took 0.140 seconds
[2025-05-02T02:10:52.085+0000] {processor.py:161} INFO - Started process (PID=3467) to work on /opt/airflow/dags/pipeline_orchestrate.py
[2025-05-02T02:10:52.090+0000] {processor.py:830} INFO - Processing file /opt/airflow/dags/pipeline_orchestrate.py for tasks to queue
[2025-05-02T02:10:52.097+0000] {logging_mixin.py:188} INFO - [2025-05-02T02:10:52.096+0000] {dagbag.py:538} INFO - Filling up the DagBag from /opt/airflow/dags/pipeline_orchestrate.py
[2025-05-02T02:10:52.126+0000] {processor.py:840} INFO - DAG(s) 'spacex_orbitflow_etl_dbt' retrieved from /opt/airflow/dags/pipeline_orchestrate.py
[2025-05-02T02:10:52.153+0000] {logging_mixin.py:188} INFO - [2025-05-02T02:10:52.153+0000] {dag.py:3033} INFO - Sync 1 DAGs
[2025-05-02T02:10:52.174+0000] {logging_mixin.py:188} INFO - [2025-05-02T02:10:52.173+0000] {dag.py:3820} INFO - Setting next_dagrun for spacex_orbitflow_etl_dbt to 2025-05-02T00:00:00+00:00, run_after=2025-05-03T00:00:00+00:00
[2025-05-02T02:10:52.192+0000] {processor.py:183} INFO - Processing /opt/airflow/dags/pipeline_orchestrate.py took 0.118 seconds
[2025-05-02T02:11:22.311+0000] {processor.py:161} INFO - Started process (PID=3523) to work on /opt/airflow/dags/pipeline_orchestrate.py
[2025-05-02T02:11:22.314+0000] {processor.py:830} INFO - Processing file /opt/airflow/dags/pipeline_orchestrate.py for tasks to queue
[2025-05-02T02:11:22.331+0000] {logging_mixin.py:188} INFO - [2025-05-02T02:11:22.327+0000] {dagbag.py:538} INFO - Filling up the DagBag from /opt/airflow/dags/pipeline_orchestrate.py
[2025-05-02T02:11:22.365+0000] {processor.py:840} INFO - DAG(s) 'spacex_orbitflow_etl_dbt' retrieved from /opt/airflow/dags/pipeline_orchestrate.py
[2025-05-02T02:11:22.437+0000] {logging_mixin.py:188} INFO - [2025-05-02T02:11:22.437+0000] {dag.py:3033} INFO - Sync 1 DAGs
[2025-05-02T02:11:22.512+0000] {logging_mixin.py:188} INFO - [2025-05-02T02:11:22.511+0000] {dag.py:3820} INFO - Setting next_dagrun for spacex_orbitflow_etl_dbt to 2025-05-02T00:00:00+00:00, run_after=2025-05-03T00:00:00+00:00
[2025-05-02T02:11:22.563+0000] {processor.py:183} INFO - Processing /opt/airflow/dags/pipeline_orchestrate.py took 0.276 seconds
[2025-05-02T02:54:07.786+0000] {processor.py:161} INFO - Started process (PID=50) to work on /opt/airflow/dags/pipeline_orchestrate.py
[2025-05-02T02:54:07.790+0000] {processor.py:830} INFO - Processing file /opt/airflow/dags/pipeline_orchestrate.py for tasks to queue
[2025-05-02T02:54:07.795+0000] {logging_mixin.py:188} INFO - [2025-05-02T02:54:07.794+0000] {dagbag.py:538} INFO - Filling up the DagBag from /opt/airflow/dags/pipeline_orchestrate.py
[2025-05-02T02:54:07.846+0000] {processor.py:840} INFO - DAG(s) 'spacex_orbitflow_etl_dbt' retrieved from /opt/airflow/dags/pipeline_orchestrate.py
[2025-05-02T02:54:07.964+0000] {logging_mixin.py:188} INFO - [2025-05-02T02:54:07.963+0000] {dag.py:3033} INFO - Sync 1 DAGs
[2025-05-02T02:54:08.025+0000] {logging_mixin.py:188} INFO - [2025-05-02T02:54:08.025+0000] {dag.py:3820} INFO - Setting next_dagrun for spacex_orbitflow_etl_dbt to 2025-05-02T00:00:00+00:00, run_after=2025-05-03T00:00:00+00:00
[2025-05-02T02:54:08.103+0000] {processor.py:183} INFO - Processing /opt/airflow/dags/pipeline_orchestrate.py took 0.327 seconds
[2025-05-02T02:54:38.712+0000] {processor.py:161} INFO - Started process (PID=112) to work on /opt/airflow/dags/pipeline_orchestrate.py
[2025-05-02T02:54:38.717+0000] {processor.py:830} INFO - Processing file /opt/airflow/dags/pipeline_orchestrate.py for tasks to queue
[2025-05-02T02:54:38.724+0000] {logging_mixin.py:188} INFO - [2025-05-02T02:54:38.724+0000] {dagbag.py:538} INFO - Filling up the DagBag from /opt/airflow/dags/pipeline_orchestrate.py
[2025-05-02T02:54:38.734+0000] {processor.py:840} INFO - DAG(s) 'spacex_orbitflow_etl_dbt' retrieved from /opt/airflow/dags/pipeline_orchestrate.py
[2025-05-02T02:54:38.763+0000] {logging_mixin.py:188} INFO - [2025-05-02T02:54:38.763+0000] {dag.py:3033} INFO - Sync 1 DAGs
[2025-05-02T02:54:38.794+0000] {logging_mixin.py:188} INFO - [2025-05-02T02:54:38.793+0000] {dag.py:3820} INFO - Setting next_dagrun for spacex_orbitflow_etl_dbt to 2025-05-02T00:00:00+00:00, run_after=2025-05-03T00:00:00+00:00
[2025-05-02T02:54:38.813+0000] {processor.py:183} INFO - Processing /opt/airflow/dags/pipeline_orchestrate.py took 0.114 seconds
[2025-05-02T02:55:09.016+0000] {processor.py:161} INFO - Started process (PID=168) to work on /opt/airflow/dags/pipeline_orchestrate.py
[2025-05-02T02:55:09.022+0000] {processor.py:830} INFO - Processing file /opt/airflow/dags/pipeline_orchestrate.py for tasks to queue
[2025-05-02T02:55:09.041+0000] {logging_mixin.py:188} INFO - [2025-05-02T02:55:09.040+0000] {dagbag.py:538} INFO - Filling up the DagBag from /opt/airflow/dags/pipeline_orchestrate.py
[2025-05-02T02:55:09.072+0000] {processor.py:840} INFO - DAG(s) 'spacex_orbitflow_etl_dbt' retrieved from /opt/airflow/dags/pipeline_orchestrate.py
[2025-05-02T02:55:09.134+0000] {logging_mixin.py:188} INFO - [2025-05-02T02:55:09.133+0000] {dag.py:3033} INFO - Sync 1 DAGs
[2025-05-02T02:55:09.219+0000] {logging_mixin.py:188} INFO - [2025-05-02T02:55:09.218+0000] {dag.py:3820} INFO - Setting next_dagrun for spacex_orbitflow_etl_dbt to 2025-05-02T00:00:00+00:00, run_after=2025-05-03T00:00:00+00:00
[2025-05-02T02:55:09.263+0000] {processor.py:183} INFO - Processing /opt/airflow/dags/pipeline_orchestrate.py took 0.267 seconds
[2025-05-02T02:55:39.351+0000] {processor.py:161} INFO - Started process (PID=225) to work on /opt/airflow/dags/pipeline_orchestrate.py
[2025-05-02T02:55:39.353+0000] {processor.py:830} INFO - Processing file /opt/airflow/dags/pipeline_orchestrate.py for tasks to queue
[2025-05-02T02:55:39.359+0000] {logging_mixin.py:188} INFO - [2025-05-02T02:55:39.359+0000] {dagbag.py:538} INFO - Filling up the DagBag from /opt/airflow/dags/pipeline_orchestrate.py
[2025-05-02T02:55:39.378+0000] {processor.py:840} INFO - DAG(s) 'spacex_orbitflow_etl_dbt' retrieved from /opt/airflow/dags/pipeline_orchestrate.py
[2025-05-02T02:55:39.405+0000] {logging_mixin.py:188} INFO - [2025-05-02T02:55:39.405+0000] {dag.py:3033} INFO - Sync 1 DAGs
[2025-05-02T02:55:39.459+0000] {logging_mixin.py:188} INFO - [2025-05-02T02:55:39.458+0000] {dag.py:3820} INFO - Setting next_dagrun for spacex_orbitflow_etl_dbt to 2025-05-02T00:00:00+00:00, run_after=2025-05-03T00:00:00+00:00
[2025-05-02T02:55:39.497+0000] {processor.py:183} INFO - Processing /opt/airflow/dags/pipeline_orchestrate.py took 0.152 seconds
[2025-05-02T02:56:10.354+0000] {processor.py:161} INFO - Started process (PID=280) to work on /opt/airflow/dags/pipeline_orchestrate.py
[2025-05-02T02:56:10.359+0000] {processor.py:830} INFO - Processing file /opt/airflow/dags/pipeline_orchestrate.py for tasks to queue
[2025-05-02T02:56:10.368+0000] {logging_mixin.py:188} INFO - [2025-05-02T02:56:10.366+0000] {dagbag.py:538} INFO - Filling up the DagBag from /opt/airflow/dags/pipeline_orchestrate.py
[2025-05-02T02:56:10.420+0000] {processor.py:840} INFO - DAG(s) 'spacex_orbitflow_etl_dbt' retrieved from /opt/airflow/dags/pipeline_orchestrate.py
[2025-05-02T02:56:10.465+0000] {logging_mixin.py:188} INFO - [2025-05-02T02:56:10.465+0000] {dag.py:3033} INFO - Sync 1 DAGs
[2025-05-02T02:56:10.503+0000] {logging_mixin.py:188} INFO - [2025-05-02T02:56:10.503+0000] {dag.py:3820} INFO - Setting next_dagrun for spacex_orbitflow_etl_dbt to 2025-05-02T00:00:00+00:00, run_after=2025-05-03T00:00:00+00:00
[2025-05-02T02:56:10.528+0000] {processor.py:183} INFO - Processing /opt/airflow/dags/pipeline_orchestrate.py took 0.200 seconds
[2025-05-02T02:56:41.187+0000] {processor.py:161} INFO - Started process (PID=336) to work on /opt/airflow/dags/pipeline_orchestrate.py
[2025-05-02T02:56:41.193+0000] {processor.py:830} INFO - Processing file /opt/airflow/dags/pipeline_orchestrate.py for tasks to queue
[2025-05-02T02:56:41.198+0000] {logging_mixin.py:188} INFO - [2025-05-02T02:56:41.198+0000] {dagbag.py:538} INFO - Filling up the DagBag from /opt/airflow/dags/pipeline_orchestrate.py
[2025-05-02T02:56:41.218+0000] {processor.py:840} INFO - DAG(s) 'spacex_orbitflow_etl_dbt' retrieved from /opt/airflow/dags/pipeline_orchestrate.py
[2025-05-02T02:56:41.250+0000] {logging_mixin.py:188} INFO - [2025-05-02T02:56:41.250+0000] {dag.py:3033} INFO - Sync 1 DAGs
[2025-05-02T02:56:41.272+0000] {logging_mixin.py:188} INFO - [2025-05-02T02:56:41.272+0000] {dag.py:3820} INFO - Setting next_dagrun for spacex_orbitflow_etl_dbt to 2025-05-02T00:00:00+00:00, run_after=2025-05-03T00:00:00+00:00
[2025-05-02T02:56:41.304+0000] {processor.py:183} INFO - Processing /opt/airflow/dags/pipeline_orchestrate.py took 0.133 seconds
[2025-05-02T02:57:11.454+0000] {processor.py:161} INFO - Started process (PID=392) to work on /opt/airflow/dags/pipeline_orchestrate.py
[2025-05-02T02:57:11.457+0000] {processor.py:830} INFO - Processing file /opt/airflow/dags/pipeline_orchestrate.py for tasks to queue
[2025-05-02T02:57:11.463+0000] {logging_mixin.py:188} INFO - [2025-05-02T02:57:11.463+0000] {dagbag.py:538} INFO - Filling up the DagBag from /opt/airflow/dags/pipeline_orchestrate.py
[2025-05-02T02:57:11.495+0000] {processor.py:840} INFO - DAG(s) 'spacex_orbitflow_etl_dbt' retrieved from /opt/airflow/dags/pipeline_orchestrate.py
[2025-05-02T02:57:11.522+0000] {logging_mixin.py:188} INFO - [2025-05-02T02:57:11.522+0000] {dag.py:3033} INFO - Sync 1 DAGs
[2025-05-02T02:57:11.546+0000] {logging_mixin.py:188} INFO - [2025-05-02T02:57:11.545+0000] {dag.py:3820} INFO - Setting next_dagrun for spacex_orbitflow_etl_dbt to 2025-05-02T00:00:00+00:00, run_after=2025-05-03T00:00:00+00:00
[2025-05-02T02:57:11.563+0000] {processor.py:183} INFO - Processing /opt/airflow/dags/pipeline_orchestrate.py took 0.128 seconds
[2025-05-02T02:57:41.979+0000] {processor.py:161} INFO - Started process (PID=448) to work on /opt/airflow/dags/pipeline_orchestrate.py
[2025-05-02T02:57:41.983+0000] {processor.py:830} INFO - Processing file /opt/airflow/dags/pipeline_orchestrate.py for tasks to queue
[2025-05-02T02:57:41.989+0000] {logging_mixin.py:188} INFO - [2025-05-02T02:57:41.988+0000] {dagbag.py:538} INFO - Filling up the DagBag from /opt/airflow/dags/pipeline_orchestrate.py
[2025-05-02T02:57:42.014+0000] {processor.py:840} INFO - DAG(s) 'spacex_orbitflow_etl_dbt' retrieved from /opt/airflow/dags/pipeline_orchestrate.py
[2025-05-02T02:57:42.061+0000] {logging_mixin.py:188} INFO - [2025-05-02T02:57:42.061+0000] {dag.py:3033} INFO - Sync 1 DAGs
[2025-05-02T02:57:42.094+0000] {logging_mixin.py:188} INFO - [2025-05-02T02:57:42.094+0000] {dag.py:3820} INFO - Setting next_dagrun for spacex_orbitflow_etl_dbt to 2025-05-02T00:00:00+00:00, run_after=2025-05-03T00:00:00+00:00
[2025-05-02T02:57:42.115+0000] {processor.py:183} INFO - Processing /opt/airflow/dags/pipeline_orchestrate.py took 0.151 seconds
[2025-05-02T02:58:12.618+0000] {processor.py:161} INFO - Started process (PID=504) to work on /opt/airflow/dags/pipeline_orchestrate.py
[2025-05-02T02:58:12.621+0000] {processor.py:830} INFO - Processing file /opt/airflow/dags/pipeline_orchestrate.py for tasks to queue
[2025-05-02T02:58:12.632+0000] {logging_mixin.py:188} INFO - [2025-05-02T02:58:12.631+0000] {dagbag.py:538} INFO - Filling up the DagBag from /opt/airflow/dags/pipeline_orchestrate.py
[2025-05-02T02:58:12.656+0000] {processor.py:840} INFO - DAG(s) 'spacex_orbitflow_etl_dbt' retrieved from /opt/airflow/dags/pipeline_orchestrate.py
[2025-05-02T02:58:12.691+0000] {logging_mixin.py:188} INFO - [2025-05-02T02:58:12.691+0000] {dag.py:3033} INFO - Sync 1 DAGs
[2025-05-02T02:58:12.716+0000] {logging_mixin.py:188} INFO - [2025-05-02T02:58:12.716+0000] {dag.py:3820} INFO - Setting next_dagrun for spacex_orbitflow_etl_dbt to 2025-05-02T00:00:00+00:00, run_after=2025-05-03T00:00:00+00:00
[2025-05-02T02:58:12.733+0000] {processor.py:183} INFO - Processing /opt/airflow/dags/pipeline_orchestrate.py took 0.125 seconds
[2025-05-02T02:58:43.017+0000] {processor.py:161} INFO - Started process (PID=560) to work on /opt/airflow/dags/pipeline_orchestrate.py
[2025-05-02T02:58:43.019+0000] {processor.py:830} INFO - Processing file /opt/airflow/dags/pipeline_orchestrate.py for tasks to queue
[2025-05-02T02:58:43.029+0000] {logging_mixin.py:188} INFO - [2025-05-02T02:58:43.027+0000] {dagbag.py:538} INFO - Filling up the DagBag from /opt/airflow/dags/pipeline_orchestrate.py
[2025-05-02T02:58:43.068+0000] {processor.py:840} INFO - DAG(s) 'spacex_orbitflow_etl_dbt' retrieved from /opt/airflow/dags/pipeline_orchestrate.py
[2025-05-02T02:58:43.114+0000] {logging_mixin.py:188} INFO - [2025-05-02T02:58:43.114+0000] {dag.py:3033} INFO - Sync 1 DAGs
[2025-05-02T02:58:43.148+0000] {logging_mixin.py:188} INFO - [2025-05-02T02:58:43.148+0000] {dag.py:3820} INFO - Setting next_dagrun for spacex_orbitflow_etl_dbt to 2025-05-02T00:00:00+00:00, run_after=2025-05-03T00:00:00+00:00
[2025-05-02T02:58:43.172+0000] {processor.py:183} INFO - Processing /opt/airflow/dags/pipeline_orchestrate.py took 0.174 seconds
[2025-05-02T02:59:13.488+0000] {processor.py:161} INFO - Started process (PID=616) to work on /opt/airflow/dags/pipeline_orchestrate.py
[2025-05-02T02:59:13.490+0000] {processor.py:830} INFO - Processing file /opt/airflow/dags/pipeline_orchestrate.py for tasks to queue
[2025-05-02T02:59:13.497+0000] {logging_mixin.py:188} INFO - [2025-05-02T02:59:13.497+0000] {dagbag.py:538} INFO - Filling up the DagBag from /opt/airflow/dags/pipeline_orchestrate.py
[2025-05-02T02:59:13.517+0000] {processor.py:840} INFO - DAG(s) 'spacex_orbitflow_etl_dbt' retrieved from /opt/airflow/dags/pipeline_orchestrate.py
[2025-05-02T02:59:13.552+0000] {logging_mixin.py:188} INFO - [2025-05-02T02:59:13.551+0000] {dag.py:3033} INFO - Sync 1 DAGs
[2025-05-02T02:59:13.578+0000] {logging_mixin.py:188} INFO - [2025-05-02T02:59:13.577+0000] {dag.py:3820} INFO - Setting next_dagrun for spacex_orbitflow_etl_dbt to 2025-05-02T00:00:00+00:00, run_after=2025-05-03T00:00:00+00:00
[2025-05-02T02:59:13.593+0000] {processor.py:183} INFO - Processing /opt/airflow/dags/pipeline_orchestrate.py took 0.124 seconds
[2025-05-02T02:59:43.843+0000] {processor.py:161} INFO - Started process (PID=672) to work on /opt/airflow/dags/pipeline_orchestrate.py
[2025-05-02T02:59:43.846+0000] {processor.py:830} INFO - Processing file /opt/airflow/dags/pipeline_orchestrate.py for tasks to queue
[2025-05-02T02:59:43.855+0000] {logging_mixin.py:188} INFO - [2025-05-02T02:59:43.855+0000] {dagbag.py:538} INFO - Filling up the DagBag from /opt/airflow/dags/pipeline_orchestrate.py
[2025-05-02T02:59:43.914+0000] {processor.py:840} INFO - DAG(s) 'spacex_orbitflow_etl_dbt' retrieved from /opt/airflow/dags/pipeline_orchestrate.py
[2025-05-02T02:59:44.002+0000] {logging_mixin.py:188} INFO - [2025-05-02T02:59:44.001+0000] {dag.py:3033} INFO - Sync 1 DAGs
[2025-05-02T02:59:44.054+0000] {logging_mixin.py:188} INFO - [2025-05-02T02:59:44.054+0000] {dag.py:3820} INFO - Setting next_dagrun for spacex_orbitflow_etl_dbt to 2025-05-02T00:00:00+00:00, run_after=2025-05-03T00:00:00+00:00
[2025-05-02T02:59:44.082+0000] {processor.py:183} INFO - Processing /opt/airflow/dags/pipeline_orchestrate.py took 0.262 seconds
[2025-05-02T03:00:14.213+0000] {processor.py:161} INFO - Started process (PID=728) to work on /opt/airflow/dags/pipeline_orchestrate.py
[2025-05-02T03:00:14.215+0000] {processor.py:830} INFO - Processing file /opt/airflow/dags/pipeline_orchestrate.py for tasks to queue
[2025-05-02T03:00:14.221+0000] {logging_mixin.py:188} INFO - [2025-05-02T03:00:14.220+0000] {dagbag.py:538} INFO - Filling up the DagBag from /opt/airflow/dags/pipeline_orchestrate.py
[2025-05-02T03:00:14.247+0000] {processor.py:840} INFO - DAG(s) 'spacex_orbitflow_etl_dbt' retrieved from /opt/airflow/dags/pipeline_orchestrate.py
[2025-05-02T03:00:14.303+0000] {logging_mixin.py:188} INFO - [2025-05-02T03:00:14.303+0000] {dag.py:3033} INFO - Sync 1 DAGs
[2025-05-02T03:00:14.341+0000] {logging_mixin.py:188} INFO - [2025-05-02T03:00:14.341+0000] {dag.py:3820} INFO - Setting next_dagrun for spacex_orbitflow_etl_dbt to 2025-05-02T00:00:00+00:00, run_after=2025-05-03T00:00:00+00:00
[2025-05-02T03:00:14.366+0000] {processor.py:183} INFO - Processing /opt/airflow/dags/pipeline_orchestrate.py took 0.165 seconds
[2025-05-02T03:00:45.032+0000] {processor.py:161} INFO - Started process (PID=784) to work on /opt/airflow/dags/pipeline_orchestrate.py
[2025-05-02T03:00:45.034+0000] {processor.py:830} INFO - Processing file /opt/airflow/dags/pipeline_orchestrate.py for tasks to queue
[2025-05-02T03:00:45.040+0000] {logging_mixin.py:188} INFO - [2025-05-02T03:00:45.040+0000] {dagbag.py:538} INFO - Filling up the DagBag from /opt/airflow/dags/pipeline_orchestrate.py
[2025-05-02T03:00:45.054+0000] {processor.py:840} INFO - DAG(s) 'spacex_orbitflow_etl_dbt' retrieved from /opt/airflow/dags/pipeline_orchestrate.py
[2025-05-02T03:00:45.086+0000] {logging_mixin.py:188} INFO - [2025-05-02T03:00:45.086+0000] {dag.py:3033} INFO - Sync 1 DAGs
[2025-05-02T03:00:45.113+0000] {logging_mixin.py:188} INFO - [2025-05-02T03:00:45.113+0000] {dag.py:3820} INFO - Setting next_dagrun for spacex_orbitflow_etl_dbt to 2025-05-02T00:00:00+00:00, run_after=2025-05-03T00:00:00+00:00
[2025-05-02T03:00:45.137+0000] {processor.py:183} INFO - Processing /opt/airflow/dags/pipeline_orchestrate.py took 0.118 seconds
[2025-05-02T03:01:15.442+0000] {processor.py:161} INFO - Started process (PID=840) to work on /opt/airflow/dags/pipeline_orchestrate.py
[2025-05-02T03:01:15.444+0000] {processor.py:830} INFO - Processing file /opt/airflow/dags/pipeline_orchestrate.py for tasks to queue
[2025-05-02T03:01:15.448+0000] {logging_mixin.py:188} INFO - [2025-05-02T03:01:15.448+0000] {dagbag.py:538} INFO - Filling up the DagBag from /opt/airflow/dags/pipeline_orchestrate.py
[2025-05-02T03:01:15.465+0000] {processor.py:840} INFO - DAG(s) 'spacex_orbitflow_etl_dbt' retrieved from /opt/airflow/dags/pipeline_orchestrate.py
[2025-05-02T03:01:15.491+0000] {logging_mixin.py:188} INFO - [2025-05-02T03:01:15.491+0000] {dag.py:3033} INFO - Sync 1 DAGs
[2025-05-02T03:01:15.523+0000] {logging_mixin.py:188} INFO - [2025-05-02T03:01:15.523+0000] {dag.py:3820} INFO - Setting next_dagrun for spacex_orbitflow_etl_dbt to 2025-05-02T00:00:00+00:00, run_after=2025-05-03T00:00:00+00:00
[2025-05-02T03:01:15.541+0000] {processor.py:183} INFO - Processing /opt/airflow/dags/pipeline_orchestrate.py took 0.104 seconds
[2025-05-02T03:01:45.626+0000] {processor.py:161} INFO - Started process (PID=896) to work on /opt/airflow/dags/pipeline_orchestrate.py
[2025-05-02T03:01:45.636+0000] {processor.py:830} INFO - Processing file /opt/airflow/dags/pipeline_orchestrate.py for tasks to queue
[2025-05-02T03:01:45.639+0000] {logging_mixin.py:188} INFO - [2025-05-02T03:01:45.639+0000] {dagbag.py:538} INFO - Filling up the DagBag from /opt/airflow/dags/pipeline_orchestrate.py
[2025-05-02T03:01:45.651+0000] {processor.py:840} INFO - DAG(s) 'spacex_orbitflow_etl_dbt' retrieved from /opt/airflow/dags/pipeline_orchestrate.py
[2025-05-02T03:01:45.703+0000] {logging_mixin.py:188} INFO - [2025-05-02T03:01:45.703+0000] {dag.py:3033} INFO - Sync 1 DAGs
[2025-05-02T03:01:45.738+0000] {logging_mixin.py:188} INFO - [2025-05-02T03:01:45.738+0000] {dag.py:3820} INFO - Setting next_dagrun for spacex_orbitflow_etl_dbt to 2025-05-02T00:00:00+00:00, run_after=2025-05-03T00:00:00+00:00
[2025-05-02T03:01:45.768+0000] {processor.py:183} INFO - Processing /opt/airflow/dags/pipeline_orchestrate.py took 0.148 seconds
[2025-05-02T03:02:15.949+0000] {processor.py:161} INFO - Started process (PID=952) to work on /opt/airflow/dags/pipeline_orchestrate.py
[2025-05-02T03:02:15.951+0000] {processor.py:830} INFO - Processing file /opt/airflow/dags/pipeline_orchestrate.py for tasks to queue
[2025-05-02T03:02:15.960+0000] {logging_mixin.py:188} INFO - [2025-05-02T03:02:15.959+0000] {dagbag.py:538} INFO - Filling up the DagBag from /opt/airflow/dags/pipeline_orchestrate.py
[2025-05-02T03:02:15.983+0000] {processor.py:840} INFO - DAG(s) 'spacex_orbitflow_etl_dbt' retrieved from /opt/airflow/dags/pipeline_orchestrate.py
[2025-05-02T03:02:16.018+0000] {logging_mixin.py:188} INFO - [2025-05-02T03:02:16.018+0000] {dag.py:3033} INFO - Sync 1 DAGs
[2025-05-02T03:02:16.052+0000] {logging_mixin.py:188} INFO - [2025-05-02T03:02:16.051+0000] {dag.py:3820} INFO - Setting next_dagrun for spacex_orbitflow_etl_dbt to 2025-05-02T00:00:00+00:00, run_after=2025-05-03T00:00:00+00:00
[2025-05-02T03:02:16.083+0000] {processor.py:183} INFO - Processing /opt/airflow/dags/pipeline_orchestrate.py took 0.143 seconds
[2025-05-02T03:02:46.447+0000] {processor.py:161} INFO - Started process (PID=1008) to work on /opt/airflow/dags/pipeline_orchestrate.py
[2025-05-02T03:02:46.449+0000] {processor.py:830} INFO - Processing file /opt/airflow/dags/pipeline_orchestrate.py for tasks to queue
[2025-05-02T03:02:46.452+0000] {logging_mixin.py:188} INFO - [2025-05-02T03:02:46.452+0000] {dagbag.py:538} INFO - Filling up the DagBag from /opt/airflow/dags/pipeline_orchestrate.py
[2025-05-02T03:02:46.474+0000] {processor.py:840} INFO - DAG(s) 'spacex_orbitflow_etl_dbt' retrieved from /opt/airflow/dags/pipeline_orchestrate.py
[2025-05-02T03:02:46.497+0000] {logging_mixin.py:188} INFO - [2025-05-02T03:02:46.497+0000] {dag.py:3033} INFO - Sync 1 DAGs
[2025-05-02T03:02:46.515+0000] {logging_mixin.py:188} INFO - [2025-05-02T03:02:46.515+0000] {dag.py:3820} INFO - Setting next_dagrun for spacex_orbitflow_etl_dbt to 2025-05-02T00:00:00+00:00, run_after=2025-05-03T00:00:00+00:00
[2025-05-02T03:02:46.534+0000] {processor.py:183} INFO - Processing /opt/airflow/dags/pipeline_orchestrate.py took 0.094 seconds
[2025-05-02T03:03:16.896+0000] {processor.py:161} INFO - Started process (PID=1064) to work on /opt/airflow/dags/pipeline_orchestrate.py
[2025-05-02T03:03:16.898+0000] {processor.py:830} INFO - Processing file /opt/airflow/dags/pipeline_orchestrate.py for tasks to queue
[2025-05-02T03:03:16.906+0000] {logging_mixin.py:188} INFO - [2025-05-02T03:03:16.902+0000] {dagbag.py:538} INFO - Filling up the DagBag from /opt/airflow/dags/pipeline_orchestrate.py
[2025-05-02T03:03:16.934+0000] {processor.py:840} INFO - DAG(s) 'spacex_orbitflow_etl_dbt' retrieved from /opt/airflow/dags/pipeline_orchestrate.py
[2025-05-02T03:03:16.976+0000] {logging_mixin.py:188} INFO - [2025-05-02T03:03:16.976+0000] {dag.py:3033} INFO - Sync 1 DAGs
[2025-05-02T03:03:17.026+0000] {logging_mixin.py:188} INFO - [2025-05-02T03:03:17.026+0000] {dag.py:3820} INFO - Setting next_dagrun for spacex_orbitflow_etl_dbt to 2025-05-02T00:00:00+00:00, run_after=2025-05-03T00:00:00+00:00
[2025-05-02T03:03:17.066+0000] {processor.py:183} INFO - Processing /opt/airflow/dags/pipeline_orchestrate.py took 0.186 seconds
[2025-05-02T03:03:47.364+0000] {processor.py:161} INFO - Started process (PID=1120) to work on /opt/airflow/dags/pipeline_orchestrate.py
[2025-05-02T03:03:47.368+0000] {processor.py:830} INFO - Processing file /opt/airflow/dags/pipeline_orchestrate.py for tasks to queue
[2025-05-02T03:03:47.374+0000] {logging_mixin.py:188} INFO - [2025-05-02T03:03:47.373+0000] {dagbag.py:538} INFO - Filling up the DagBag from /opt/airflow/dags/pipeline_orchestrate.py
[2025-05-02T03:03:47.407+0000] {processor.py:840} INFO - DAG(s) 'spacex_orbitflow_etl_dbt' retrieved from /opt/airflow/dags/pipeline_orchestrate.py
[2025-05-02T03:03:47.478+0000] {logging_mixin.py:188} INFO - [2025-05-02T03:03:47.478+0000] {dag.py:3033} INFO - Sync 1 DAGs
[2025-05-02T03:03:47.525+0000] {logging_mixin.py:188} INFO - [2025-05-02T03:03:47.525+0000] {dag.py:3820} INFO - Setting next_dagrun for spacex_orbitflow_etl_dbt to 2025-05-02T00:00:00+00:00, run_after=2025-05-03T00:00:00+00:00
[2025-05-02T03:03:47.541+0000] {processor.py:183} INFO - Processing /opt/airflow/dags/pipeline_orchestrate.py took 0.206 seconds
[2025-05-02T03:04:18.276+0000] {processor.py:161} INFO - Started process (PID=1176) to work on /opt/airflow/dags/pipeline_orchestrate.py
[2025-05-02T03:04:18.279+0000] {processor.py:830} INFO - Processing file /opt/airflow/dags/pipeline_orchestrate.py for tasks to queue
[2025-05-02T03:04:18.300+0000] {logging_mixin.py:188} INFO - [2025-05-02T03:04:18.299+0000] {dagbag.py:538} INFO - Filling up the DagBag from /opt/airflow/dags/pipeline_orchestrate.py
[2025-05-02T03:04:18.374+0000] {processor.py:840} INFO - DAG(s) 'spacex_orbitflow_etl_dbt' retrieved from /opt/airflow/dags/pipeline_orchestrate.py
[2025-05-02T03:04:18.422+0000] {logging_mixin.py:188} INFO - [2025-05-02T03:04:18.422+0000] {dag.py:3033} INFO - Sync 1 DAGs
[2025-05-02T03:04:18.455+0000] {logging_mixin.py:188} INFO - [2025-05-02T03:04:18.455+0000] {dag.py:3820} INFO - Setting next_dagrun for spacex_orbitflow_etl_dbt to 2025-05-02T00:00:00+00:00, run_after=2025-05-03T00:00:00+00:00
[2025-05-02T03:04:18.472+0000] {processor.py:183} INFO - Processing /opt/airflow/dags/pipeline_orchestrate.py took 0.204 seconds
[2025-05-02T03:04:49.172+0000] {processor.py:161} INFO - Started process (PID=1232) to work on /opt/airflow/dags/pipeline_orchestrate.py
[2025-05-02T03:04:49.175+0000] {processor.py:830} INFO - Processing file /opt/airflow/dags/pipeline_orchestrate.py for tasks to queue
[2025-05-02T03:04:49.181+0000] {logging_mixin.py:188} INFO - [2025-05-02T03:04:49.181+0000] {dagbag.py:538} INFO - Filling up the DagBag from /opt/airflow/dags/pipeline_orchestrate.py
[2025-05-02T03:04:49.204+0000] {processor.py:840} INFO - DAG(s) 'spacex_orbitflow_etl_dbt' retrieved from /opt/airflow/dags/pipeline_orchestrate.py
[2025-05-02T03:04:49.239+0000] {logging_mixin.py:188} INFO - [2025-05-02T03:04:49.238+0000] {dag.py:3033} INFO - Sync 1 DAGs
[2025-05-02T03:04:49.279+0000] {logging_mixin.py:188} INFO - [2025-05-02T03:04:49.279+0000] {dag.py:3820} INFO - Setting next_dagrun for spacex_orbitflow_etl_dbt to 2025-05-02T00:00:00+00:00, run_after=2025-05-03T00:00:00+00:00
[2025-05-02T03:04:49.304+0000] {processor.py:183} INFO - Processing /opt/airflow/dags/pipeline_orchestrate.py took 0.151 seconds
[2025-05-02T03:05:19.605+0000] {processor.py:161} INFO - Started process (PID=1288) to work on /opt/airflow/dags/pipeline_orchestrate.py
[2025-05-02T03:05:19.607+0000] {processor.py:830} INFO - Processing file /opt/airflow/dags/pipeline_orchestrate.py for tasks to queue
[2025-05-02T03:05:19.617+0000] {logging_mixin.py:188} INFO - [2025-05-02T03:05:19.616+0000] {dagbag.py:538} INFO - Filling up the DagBag from /opt/airflow/dags/pipeline_orchestrate.py
[2025-05-02T03:05:19.641+0000] {processor.py:840} INFO - DAG(s) 'spacex_orbitflow_etl_dbt' retrieved from /opt/airflow/dags/pipeline_orchestrate.py
[2025-05-02T03:05:19.678+0000] {logging_mixin.py:188} INFO - [2025-05-02T03:05:19.678+0000] {dag.py:3033} INFO - Sync 1 DAGs
[2025-05-02T03:05:19.700+0000] {logging_mixin.py:188} INFO - [2025-05-02T03:05:19.700+0000] {dag.py:3820} INFO - Setting next_dagrun for spacex_orbitflow_etl_dbt to 2025-05-02T00:00:00+00:00, run_after=2025-05-03T00:00:00+00:00
[2025-05-02T03:05:19.714+0000] {processor.py:183} INFO - Processing /opt/airflow/dags/pipeline_orchestrate.py took 0.128 seconds
[2025-05-02T03:05:49.769+0000] {processor.py:161} INFO - Started process (PID=1344) to work on /opt/airflow/dags/pipeline_orchestrate.py
[2025-05-02T03:05:49.771+0000] {processor.py:830} INFO - Processing file /opt/airflow/dags/pipeline_orchestrate.py for tasks to queue
[2025-05-02T03:05:49.774+0000] {logging_mixin.py:188} INFO - [2025-05-02T03:05:49.774+0000] {dagbag.py:538} INFO - Filling up the DagBag from /opt/airflow/dags/pipeline_orchestrate.py
[2025-05-02T03:05:49.796+0000] {processor.py:840} INFO - DAG(s) 'spacex_orbitflow_etl_dbt' retrieved from /opt/airflow/dags/pipeline_orchestrate.py
[2025-05-02T03:05:49.825+0000] {logging_mixin.py:188} INFO - [2025-05-02T03:05:49.825+0000] {dag.py:3033} INFO - Sync 1 DAGs
[2025-05-02T03:05:49.843+0000] {logging_mixin.py:188} INFO - [2025-05-02T03:05:49.843+0000] {dag.py:3820} INFO - Setting next_dagrun for spacex_orbitflow_etl_dbt to 2025-05-02T00:00:00+00:00, run_after=2025-05-03T00:00:00+00:00
[2025-05-02T03:05:49.860+0000] {processor.py:183} INFO - Processing /opt/airflow/dags/pipeline_orchestrate.py took 0.109 seconds
[2025-05-02T03:06:20.436+0000] {processor.py:161} INFO - Started process (PID=1400) to work on /opt/airflow/dags/pipeline_orchestrate.py
[2025-05-02T03:06:20.437+0000] {processor.py:830} INFO - Processing file /opt/airflow/dags/pipeline_orchestrate.py for tasks to queue
[2025-05-02T03:06:20.442+0000] {logging_mixin.py:188} INFO - [2025-05-02T03:06:20.440+0000] {dagbag.py:538} INFO - Filling up the DagBag from /opt/airflow/dags/pipeline_orchestrate.py
[2025-05-02T03:06:20.498+0000] {processor.py:840} INFO - DAG(s) 'spacex_orbitflow_etl_dbt' retrieved from /opt/airflow/dags/pipeline_orchestrate.py
[2025-05-02T03:06:20.542+0000] {logging_mixin.py:188} INFO - [2025-05-02T03:06:20.542+0000] {dag.py:3033} INFO - Sync 1 DAGs
[2025-05-02T03:06:20.581+0000] {logging_mixin.py:188} INFO - [2025-05-02T03:06:20.581+0000] {dag.py:3820} INFO - Setting next_dagrun for spacex_orbitflow_etl_dbt to 2025-05-02T00:00:00+00:00, run_after=2025-05-03T00:00:00+00:00
[2025-05-02T03:06:20.614+0000] {processor.py:183} INFO - Processing /opt/airflow/dags/pipeline_orchestrate.py took 0.182 seconds
[2025-05-02T03:27:36.366+0000] {processor.py:161} INFO - Started process (PID=46) to work on /opt/airflow/dags/pipeline_orchestrate.py
[2025-05-02T03:27:36.378+0000] {processor.py:830} INFO - Processing file /opt/airflow/dags/pipeline_orchestrate.py for tasks to queue
[2025-05-02T03:27:36.396+0000] {logging_mixin.py:188} INFO - [2025-05-02T03:27:36.396+0000] {dagbag.py:538} INFO - Filling up the DagBag from /opt/airflow/dags/pipeline_orchestrate.py
[2025-05-02T03:27:36.457+0000] {processor.py:840} INFO - DAG(s) 'spacex_orbitflow_etl_dbt' retrieved from /opt/airflow/dags/pipeline_orchestrate.py
[2025-05-02T03:27:36.564+0000] {logging_mixin.py:188} INFO - [2025-05-02T03:27:36.564+0000] {dag.py:3033} INFO - Sync 1 DAGs
[2025-05-02T03:27:36.600+0000] {logging_mixin.py:188} INFO - [2025-05-02T03:27:36.599+0000] {dag.py:3820} INFO - Setting next_dagrun for spacex_orbitflow_etl_dbt to 2025-05-02T00:00:00+00:00, run_after=2025-05-03T00:00:00+00:00
[2025-05-02T03:27:36.647+0000] {processor.py:183} INFO - Processing /opt/airflow/dags/pipeline_orchestrate.py took 0.313 seconds
